{"meta": {"format": 3, "version": "7.13.5", "timestamp": "2026-04-19T19:36:40.826624", "branch_coverage": true, "show_contexts": false}, "files": {"src/zenzic/__init__.py": {"executed_lines": [5], "summary": {"covered_lines": 1, "num_statements": 1, "percent_covered": 100.0, "percent_covered_display": "100", "missing_lines": 0, "excluded_lines": 0, "percent_statements_covered": 100.0, "percent_statements_covered_display": "100", "num_branches": 0, "num_partial_branches": 0, "covered_branches": 0, "missing_branches": 0, "percent_branches_covered": 100.0, "percent_branches_covered_display": "100"}, "missing_lines": [], "excluded_lines": [], "executed_branches": [], "missing_branches": [], "functions": {"": {"executed_lines": [5], "summary": {"covered_lines": 1, "num_statements": 1, "percent_covered": 100.0, "percent_covered_display": "100", "missing_lines": 0, "excluded_lines": 0, "percent_statements_covered": 100.0, "percent_statements_covered_display": "100", "num_branches": 0, "num_partial_branches": 0, "covered_branches": 0, "missing_branches": 0, "percent_branches_covered": 100.0, "percent_branches_covered_display": "100"}, "missing_lines": [], "excluded_lines": [], "start_line": 1, "executed_branches": [], "missing_branches": []}}, "classes": {"": {"executed_lines": [5], "summary": {"covered_lines": 1, "num_statements": 1, "percent_covered": 100.0, "percent_covered_display": "100", "missing_lines": 0, "excluded_lines": 0, "percent_statements_covered": 100.0, "percent_statements_covered_display": "100", "num_branches": 0, "num_partial_branches": 0, "covered_branches": 0, "missing_branches": 0, "percent_branches_covered": 100.0, "percent_branches_covered_display": "100"}, "missing_lines": [], "excluded_lines": [], "start_line": 1, "executed_branches": [], "missing_branches": []}}}, "src/zenzic/cli.py": {"executed_lines": [5, 7, 8, 9, 10, 11, 12, 14, 15, 16, 17, 18, 19, 21, 22, 23, 24, 33, 34, 42, 43, 44, 47, 54, 61, 68, 73, 83, 89, 96, 97, 114, 116, 136, 139, 161, 177, 178, 187, 194, 195, 196, 197, 207, 219, 220, 222, 223, 224, 225, 226, 227, 232, 235, 243, 244, 246, 247, 254, 257, 258, 269, 271, 272, 273, 275, 276, 278, 279, 280, 284, 285, 292, 294, 314, 315, 316, 317, 319, 320, 321, 322, 324, 325, 326, 336, 337, 338, 339, 340, 343, 344, 361, 363, 364, 365, 367, 368, 370, 371, 373, 374, 375, 377, 388, 389, 390, 391, 393, 395, 396, 397, 408, 409, 412, 413, 420, 422, 423, 424, 426, 427, 429, 430, 431, 432, 433, 435, 436, 437, 439, 440, 441, 442, 449, 460, 461, 462, 463, 465, 467, 468, 469, 479, 480, 483, 484, 516, 518, 519, 520, 522, 523, 525, 526, 527, 528, 529, 531, 532, 538, 541, 542, 543, 544, 545, 546, 547, 550, 564, 565, 577, 580, 591, 592, 593, 594, 596, 597, 598, 600, 602, 603, 604, 616, 617, 619, 620, 623, 624, 631, 633, 634, 635, 637, 638, 640, 641, 642, 644, 655, 656, 657, 658, 660, 662, 663, 664, 675, 676, 679, 680, 724, 725, 731, 733, 734, 735, 737, 738, 740, 741, 742, 744, 745, 746, 747, 748, 749, 756, 769, 770, 771, 782, 783, 786, 787, 788, 789, 790, 791, 792, 793, 794, 795, 797, 798, 799, 800, 812, 820, 823, 824, 825, 829, 836, 837, 859, 861, 863, 864, 865, 866, 867, 869, 870, 889, 890, 900, 901, 902, 909, 920, 921, 922, 923, 924, 925, 926, 927, 928, 931, 944, 945, 955, 966, 967, 969, 970, 971, 972, 975, 976, 977, 979, 989, 1005, 1006, 1008, 1014, 1021, 1022, 1025, 1026, 1027, 1028, 1029, 1035, 1036, 1040, 1043, 1060, 1063, 1064, 1065, 1070, 1071, 1072, 1075, 1078, 1079, 1080, 1081, 1082, 1083, 1084, 1085, 1088, 1089, 1145, 1146, 1147, 1149, 1150, 1154, 1155, 1156, 1157, 1159, 1160, 1168, 1169, 1171, 1172, 1179, 1182, 1183, 1184, 1192, 1207, 1208, 1209, 1210, 1213, 1215, 1218, 1219, 1220, 1222, 1224, 1225, 1227, 1229, 1230, 1231, 1245, 1246, 1247, 1250, 1251, 1252, 1257, 1259, 1260, 1261, 1264, 1265, 1276, 1278, 1279, 1280, 1281, 1284, 1286, 1287, 1288, 1291, 1297, 1300, 1329, 1343, 1344, 1345, 1346, 1347, 1348, 1351, 1353, 1354, 1355, 1356, 1358, 1359, 1362, 1363, 1364, 1365, 1369, 1370, 1371, 1372, 1374, 1375, 1385, 1387, 1396, 1397, 1398, 1399, 1400, 1402, 1403, 1404, 1405, 1407, 1408, 1409, 1417, 1419, 1420, 1423, 1426, 1445, 1446, 1447, 1448, 1449, 1451, 1452, 1453, 1457, 1459, 1460, 1462, 1463, 1485, 1486, 1487, 1488, 1489, 1490, 1491, 1492, 1493, 1494, 1495, 1496, 1497, 1502, 1503, 1504, 1507, 1510, 1541, 1543, 1544, 1545, 1548, 1549, 1551, 1553, 1558, 1559, 1561, 1564, 1566, 1567, 1568, 1570, 1573, 1575, 1576, 1577, 1578, 1581, 1583, 1585, 1586, 1591, 1593, 1595, 1596, 1597, 1599, 1624, 1626, 1634, 1636, 1637, 1642, 1644, 1646, 1647, 1652, 1654, 1656, 1657, 1658, 1660, 1667, 1668, 1670, 1672, 1678, 1680, 1688, 1694, 1695, 1699, 1700, 1701, 1707, 1708, 1709, 1710, 1712, 1713, 1714, 1718, 1720, 1721, 1722, 1723, 1725, 1744, 1775, 1794, 1802, 1803, 1804, 1808, 1812, 1813, 1815], "summary": {"covered_lines": 544, "num_statements": 676, "percent_covered": 78.15217391304348, "percent_covered_display": "78", "missing_lines": 132, "excluded_lines": 0, "percent_statements_covered": 80.4733727810651, "percent_statements_covered_display": "80", "num_branches": 244, "num_partial_branches": 37, "covered_branches": 175, "missing_branches": 69, "percent_branches_covered": 71.72131147540983, "percent_branches_covered_display": "72"}, "missing_lines": [85, 86, 98, 99, 100, 101, 102, 103, 104, 105, 109, 110, 111, 141, 142, 143, 144, 145, 149, 150, 151, 153, 154, 155, 157, 158, 198, 199, 204, 248, 249, 274, 281, 282, 318, 366, 369, 392, 425, 443, 444, 445, 446, 447, 448, 464, 521, 548, 549, 551, 552, 553, 554, 578, 581, 595, 599, 618, 636, 659, 689, 690, 691, 692, 694, 695, 696, 697, 699, 700, 701, 703, 704, 705, 707, 708, 709, 713, 714, 717, 718, 719, 721, 736, 750, 751, 752, 753, 754, 755, 826, 827, 903, 904, 905, 906, 907, 908, 929, 930, 956, 973, 974, 978, 990, 1030, 1034, 1066, 1067, 1073, 1074, 1148, 1151, 1185, 1186, 1187, 1188, 1189, 1190, 1191, 1308, 1315, 1316, 1317, 1318, 1320, 1367, 1569, 1696, 1697, 1702, 1705], "excluded_lines": [], "executed_branches": [[96, 97], [225, 226], [225, 227], [243, 244], [243, 254], [247, 254], [273, 275], [314, 315], [314, 324], [317, 319], [320, 321], [320, 322], [337, 338], [337, 339], [339, -257], [339, 340], [365, 367], [368, 370], [388, 389], [388, 395], [391, 393], [408, -343], [408, 409], [424, 426], [440, 441], [440, 460], [442, 449], [460, 461], [460, 467], [463, 465], [479, -412], [479, 480], [520, 522], [542, 543], [542, 580], [545, 546], [545, 550], [550, 564], [564, 565], [564, 577], [577, 542], [580, 591], [591, 592], [591, 602], [594, 596], [598, 600], [617, 619], [619, -483], [619, 620], [635, 637], [655, 656], [655, 662], [658, 660], [675, -623], [675, 676], [735, 737], [745, 746], [745, 769], [747, 748], [749, 756], [782, -724], [782, 783], [825, 829], [869, 870], [869, 889], [889, 890], [889, 900], [900, 901], [900, 920], [902, 909], [920, 921], [920, 944], [922, 923], [924, 925], [924, 931], [927, 928], [944, 945], [944, 955], [955, 966], [966, 967], [966, 1008], [970, 971], [970, 975], [975, 976], [975, 989], [977, 979], [989, 1005], [1005, 966], [1005, 1006], [1025, 1026], [1025, 1036], [1026, 1027], [1026, 1028], [1028, 1025], [1028, 1029], [1029, 1035], [1070, 1071], [1070, 1078], [1147, 1149], [1150, 1154], [1156, 1157], [1156, 1159], [1182, 1183], [1182, 1213], [1184, 1192], [1208, 1209], [1208, 1210], [1218, 1219], [1218, 1222], [1224, 1225], [1224, 1227], [1229, 1230], [1229, 1231], [1246, 1247], [1246, 1250], [1251, 1252], [1251, 1257], [1259, -1088], [1259, 1260], [1260, -1088], [1260, 1261], [1279, 1280], [1279, 1286], [1287, 1288], [1287, 1297], [1353, 1354], [1353, 1358], [1358, 1359], [1358, 1362], [1362, 1363], [1362, 1364], [1364, 1365], [1402, 1403], [1402, 1417], [1403, 1404], [1403, 1407], [1419, -1329], [1419, 1420], [1452, 1453], [1452, 1459], [1462, 1463], [1462, 1485], [1491, 1492], [1491, 1502], [1503, -1426], [1503, 1504], [1543, 1544], [1543, 1548], [1551, 1553], [1551, 1558], [1558, 1559], [1558, 1561], [1566, 1567], [1566, 1568], [1568, 1570], [1575, 1576], [1575, 1578], [1585, 1586], [1585, 1593], [1596, 1597], [1596, 1599], [1636, 1637], [1636, 1644], [1646, 1647], [1646, 1654], [1657, 1658], [1657, 1660], [1667, 1668], [1667, 1670], [1670, 1672], [1670, 1678], [1695, 1699], [1701, 1707], [1713, 1714], [1713, 1720]], "missing_branches": [[96, 98], [99, 100], [99, 110], [103, 104], [103, 105], [157, -139], [157, 158], [247, 248], [248, 249], [248, 254], [273, 274], [317, 318], [365, 366], [368, 369], [391, 392], [424, 425], [442, 443], [445, 446], [445, 449], [463, 464], [520, 521], [550, 551], [552, 553], [552, 554], [577, 578], [580, 581], [594, 595], [598, 599], [617, 618], [635, 636], [658, 659], [695, 696], [695, 699], [700, 701], [700, 703], [703, 704], [703, 707], [707, 708], [707, 717], [709, 713], [709, 717], [717, 718], [717, 721], [735, 736], [747, 756], [749, 750], [752, 753], [752, 756], [825, 826], [902, 903], [905, 906], [905, 909], [922, 931], [927, 931], [955, 956], [977, 978], [989, 990], [1029, 1030], [1147, 1148], [1150, 1151], [1184, 1185], [1185, 1184], [1185, 1186], [1186, 1185], [1186, 1187], [1364, 1367], [1568, 1569], [1695, 1696], [1701, 1702]], "functions": {"_print_no_config_hint": {"executed_lines": [], "summary": {"covered_lines": 0, "num_statements": 2, "percent_covered": 0.0, "percent_covered_display": "0", "missing_lines": 2, "excluded_lines": 0, "percent_statements_covered": 0.0, "percent_statements_covered_display": "0", "num_branches": 0, "num_partial_branches": 0, "covered_branches": 0, "missing_branches": 0, "percent_branches_covered": 100.0, "percent_branches_covered_display": "100"}, "missing_lines": [85, 86], "excluded_lines": [], "start_line": 83, "executed_branches": [], "missing_branches": []}, "_apply_engine_override": {"executed_lines": [96, 97], "summary": {"covered_lines": 2, "num_statements": 13, "percent_covered": 15.789473684210526, "percent_covered_display": "16", "missing_lines": 11, "excluded_lines": 0, "percent_statements_covered": 15.384615384615385, "percent_statements_covered_display": "15", "num_branches": 6, "num_partial_branches": 1, "covered_branches": 1, "missing_branches": 5, "percent_branches_covered": 16.666666666666668, "percent_branches_covered_display": "17"}, "missing_lines": [98, 99, 100, 101, 102, 103, 104, 105, 109, 110, 111], "excluded_lines": [], "start_line": 89, "executed_branches": [[96, 97]], "missing_branches": [[96, 98], [99, 100], [99, 110], [103, 104], [103, 105]]}, "_output_json_findings": {"executed_lines": [116, 136], "summary": {"covered_lines": 2, "num_statements": 2, "percent_covered": 100.0, "percent_covered_display": "100", "missing_lines": 0, "excluded_lines": 0, "percent_statements_covered": 100.0, "percent_statements_covered_display": "100", "num_branches": 0, "num_partial_branches": 0, "covered_branches": 0, "missing_branches": 0, "percent_branches_covered": 100.0, "percent_branches_covered_display": "100"}, "missing_lines": [], "excluded_lines": [], "start_line": 114, "executed_branches": [], "missing_branches": []}, "_render_link_error": {"executed_lines": [], "summary": {"covered_lines": 0, "num_statements": 13, "percent_covered": 0.0, "percent_covered_display": "0", "missing_lines": 13, "excluded_lines": 0, "percent_statements_covered": 0.0, "percent_statements_covered_display": "0", "num_branches": 2, "num_partial_branches": 0, "covered_branches": 0, "missing_branches": 2, "percent_branches_covered": 0.0, "percent_branches_covered_display": "0"}, "missing_lines": [141, 142, 143, 144, 145, 149, 150, 151, 153, 154, 155, 157, 158], "excluded_lines": [], "start_line": 139, "executed_branches": [], "missing_branches": [[157, -139], [157, 158]]}, "_build_exclusion_manager": {"executed_lines": [177, 178], "summary": {"covered_lines": 2, "num_statements": 2, "percent_covered": 100.0, "percent_covered_display": "100", "missing_lines": 0, "excluded_lines": 0, "percent_statements_covered": 100.0, "percent_statements_covered_display": "100", "num_branches": 0, "num_partial_branches": 0, "covered_branches": 0, "missing_branches": 0, "percent_branches_covered": 100.0, "percent_branches_covered_display": "100"}, "missing_lines": [], "excluded_lines": [], "start_line": 161, "executed_branches": [], "missing_branches": []}, "_validate_docs_root": {"executed_lines": [194, 195, 196, 197], "summary": {"covered_lines": 4, "num_statements": 7, "percent_covered": 57.142857142857146, "percent_covered_display": "57", "missing_lines": 3, "excluded_lines": 0, "percent_statements_covered": 57.142857142857146, "percent_statements_covered_display": "57", "num_branches": 0, "num_partial_branches": 0, "covered_branches": 0, "missing_branches": 0, "percent_branches_covered": 100.0, "percent_branches_covered_display": "100"}, "missing_lines": [198, 199, 204], "excluded_lines": [], "start_line": 187, "executed_branches": [], "missing_branches": []}, "_count_docs_assets": {"executed_lines": [219, 220, 222, 223, 224, 225, 226, 227, 232, 235, 243, 244, 246, 247, 254], "summary": {"covered_lines": 15, "num_statements": 17, "percent_covered": 80.0, "percent_covered_display": "80", "missing_lines": 2, "excluded_lines": 0, "percent_statements_covered": 88.23529411764706, "percent_statements_covered_display": "88", "num_branches": 8, "num_partial_branches": 1, "covered_branches": 5, "missing_branches": 3, "percent_branches_covered": 62.5, "percent_branches_covered_display": "62"}, "missing_lines": [248, 249], "excluded_lines": [], "start_line": 207, "executed_branches": [[225, 226], [225, 227], [243, 244], [243, 254], [247, 254]], "missing_branches": [[247, 248], [248, 249], [248, 254]]}, "check_links": {"executed_lines": [269, 271, 272, 273, 275, 276, 278, 284, 285, 292, 294, 314, 315, 316, 317, 319, 320, 321, 322, 324, 325, 326, 336, 337, 338, 339, 340], "summary": {"covered_lines": 27, "num_statements": 29, "percent_covered": 90.2439024390244, "percent_covered_display": "90", "missing_lines": 2, "excluded_lines": 0, "percent_statements_covered": 93.10344827586206, "percent_statements_covered_display": "93", "num_branches": 12, "num_partial_branches": 2, "covered_branches": 10, "missing_branches": 2, "percent_branches_covered": 83.33333333333333, "percent_branches_covered_display": "83"}, "missing_lines": [274, 318], "excluded_lines": [], "start_line": 258, "executed_branches": [[273, 275], [314, 315], [314, 324], [317, 319], [320, 321], [320, 322], [337, 338], [337, 339], [339, -257], [339, 340]], "missing_branches": [[273, 274], [317, 318]]}, "check_links._rel": {"executed_lines": [279, 280], "summary": {"covered_lines": 2, "num_statements": 4, "percent_covered": 50.0, "percent_covered_display": "50", "missing_lines": 2, "excluded_lines": 0, "percent_statements_covered": 50.0, "percent_statements_covered_display": "50", "num_branches": 0, "num_partial_branches": 0, "covered_branches": 0, "missing_branches": 0, "percent_branches_covered": 100.0, "percent_branches_covered_display": "100"}, "missing_lines": [281, 282], "excluded_lines": [], "start_line": 278, "executed_branches": [], "missing_branches": []}, "check_orphans": {"executed_lines": [361, 363, 364, 365, 367, 368, 370, 371, 373, 374, 375, 377, 388, 389, 390, 391, 393, 395, 396, 397, 408, 409], "summary": {"covered_lines": 22, "num_statements": 25, "percent_covered": 82.85714285714286, "percent_covered_display": "83", "missing_lines": 3, "excluded_lines": 0, "percent_statements_covered": 88.0, "percent_statements_covered_display": "88", "num_branches": 10, "num_partial_branches": 3, "covered_branches": 7, "missing_branches": 3, "percent_branches_covered": 70.0, "percent_branches_covered_display": "70"}, "missing_lines": [366, 369, 392], "excluded_lines": [], "start_line": 344, "executed_branches": [[365, 367], [368, 370], [388, 389], [388, 395], [391, 393], [408, -343], [408, 409]], "missing_branches": [[365, 366], [368, 369], [391, 392]]}, "check_snippets": {"executed_lines": [420, 422, 423, 424, 426, 427, 429, 435, 436, 437, 439, 440, 441, 442, 449, 460, 461, 462, 463, 465, 467, 468, 469, 479, 480], "summary": {"covered_lines": 25, "num_statements": 33, "percent_covered": 72.34042553191489, "percent_covered_display": "72", "missing_lines": 8, "excluded_lines": 0, "percent_statements_covered": 75.75757575757575, "percent_statements_covered_display": "76", "num_branches": 14, "num_partial_branches": 3, "covered_branches": 9, "missing_branches": 5, "percent_branches_covered": 64.28571428571429, "percent_branches_covered_display": "64"}, "missing_lines": [425, 443, 444, 445, 446, 447, 448, 464], "excluded_lines": [], "start_line": 413, "executed_branches": [[424, 426], [440, 441], [440, 460], [442, 449], [460, 461], [460, 467], [463, 465], [479, -412], [479, 480]], "missing_branches": [[424, 425], [442, 443], [445, 446], [445, 449], [463, 464]]}, "check_snippets._rel": {"executed_lines": [430, 431, 432, 433], "summary": {"covered_lines": 4, "num_statements": 4, "percent_covered": 100.0, "percent_covered_display": "100", "missing_lines": 0, "excluded_lines": 0, "percent_statements_covered": 100.0, "percent_statements_covered_display": "100", "num_branches": 0, "num_partial_branches": 0, "covered_branches": 0, "missing_branches": 0, "percent_branches_covered": 100.0, "percent_branches_covered_display": "100"}, "missing_lines": [], "excluded_lines": [], "start_line": 429, "executed_branches": [], "missing_branches": []}, "check_references": {"executed_lines": [516, 518, 519, 520, 522, 523, 525, 531, 532, 538, 541, 542, 543, 544, 545, 546, 547, 550, 564, 565, 577, 580, 591, 592, 593, 594, 596, 597, 598, 600, 602, 603, 604, 616, 617, 619, 620], "summary": {"covered_lines": 37, "num_statements": 49, "percent_covered": 72.0, "percent_covered_display": "72", "missing_lines": 12, "excluded_lines": 0, "percent_statements_covered": 75.51020408163265, "percent_statements_covered_display": "76", "num_branches": 26, "num_partial_branches": 7, "covered_branches": 17, "missing_branches": 9, "percent_branches_covered": 65.38461538461539, "percent_branches_covered_display": "65"}, "missing_lines": [521, 548, 549, 551, 552, 553, 554, 578, 581, 595, 599, 618], "excluded_lines": [], "start_line": 484, "executed_branches": [[520, 522], [542, 543], [542, 580], [545, 546], [545, 550], [550, 564], [564, 565], [564, 577], [577, 542], [580, 591], [591, 592], [591, 602], [594, 596], [598, 600], [617, 619], [619, -483], [619, 620]], "missing_branches": [[520, 521], [550, 551], [552, 553], [552, 554], [577, 578], [580, 581], [594, 595], [598, 599], [617, 618]]}, "check_references._rel": {"executed_lines": [526, 527, 528, 529], "summary": {"covered_lines": 4, "num_statements": 4, "percent_covered": 100.0, "percent_covered_display": "100", "missing_lines": 0, "excluded_lines": 0, "percent_statements_covered": 100.0, "percent_statements_covered_display": "100", "num_branches": 0, "num_partial_branches": 0, "covered_branches": 0, "missing_branches": 0, "percent_branches_covered": 100.0, "percent_branches_covered_display": "100"}, "missing_lines": [], "excluded_lines": [], "start_line": 525, "executed_branches": [], "missing_branches": []}, "check_assets": {"executed_lines": [631, 633, 634, 635, 637, 638, 640, 641, 642, 644, 655, 656, 657, 658, 660, 662, 663, 664, 675, 676], "summary": {"covered_lines": 20, "num_statements": 22, "percent_covered": 86.66666666666667, "percent_covered_display": "87", "missing_lines": 2, "excluded_lines": 0, "percent_statements_covered": 90.9090909090909, "percent_statements_covered_display": "91", "num_branches": 8, "num_partial_branches": 2, "covered_branches": 6, "missing_branches": 2, "percent_branches_covered": 75.0, "percent_branches_covered_display": "75"}, "missing_lines": [636, 659], "excluded_lines": [], "start_line": 624, "executed_branches": [[635, 637], [655, 656], [655, 662], [658, 660], [675, -623], [675, 676]], "missing_branches": [[635, 636], [658, 659]]}, "clean_assets": {"executed_lines": [], "summary": {"covered_lines": 0, "num_statements": 23, "percent_covered": 0.0, "percent_covered_display": "0", "missing_lines": 23, "excluded_lines": 0, "percent_statements_covered": 0.0, "percent_statements_covered_display": "0", "num_branches": 12, "num_partial_branches": 0, "covered_branches": 0, "missing_branches": 12, "percent_branches_covered": 0.0, "percent_branches_covered_display": "0"}, "missing_lines": [689, 690, 691, 692, 694, 695, 696, 697, 699, 700, 701, 703, 704, 705, 707, 708, 709, 713, 714, 717, 718, 719, 721], "excluded_lines": [], "start_line": 680, "executed_branches": [], "missing_branches": [[695, 696], [695, 699], [700, 701], [700, 703], [703, 704], [703, 707], [707, 708], [707, 717], [709, 713], [709, 717], [717, 718], [717, 721]]}, "check_placeholders": {"executed_lines": [731, 733, 734, 735, 737, 738, 740, 741, 742, 744, 745, 746, 747, 748, 749, 756, 769, 770, 771, 782, 783], "summary": {"covered_lines": 21, "num_statements": 28, "percent_covered": 70.0, "percent_covered_display": "70", "missing_lines": 7, "excluded_lines": 0, "percent_statements_covered": 75.0, "percent_statements_covered_display": "75", "num_branches": 12, "num_partial_branches": 3, "covered_branches": 7, "missing_branches": 5, "percent_branches_covered": 58.333333333333336, "percent_branches_covered_display": "58"}, "missing_lines": [736, 750, 751, 752, 753, 754, 755], "excluded_lines": [], "start_line": 725, "executed_branches": [[735, 737], [745, 746], [745, 769], [747, 748], [749, 756], [782, -724], [782, 783]], "missing_branches": [[735, 736], [747, 756], [749, 750], [752, 753], [752, 756]]}, "_AllCheckResults.failed": {"executed_lines": [799, 800], "summary": {"covered_lines": 2, "num_statements": 2, "percent_covered": 100.0, "percent_covered_display": "100", "missing_lines": 0, "excluded_lines": 0, "percent_statements_covered": 100.0, "percent_statements_covered_display": "100", "num_branches": 0, "num_partial_branches": 0, "covered_branches": 0, "missing_branches": 0, "percent_branches_covered": 100.0, "percent_branches_covered_display": "100"}, "missing_lines": [], "excluded_lines": [], "start_line": 798, "executed_branches": [], "missing_branches": []}, "_collect_all_results": {"executed_lines": [820, 823, 824, 825, 829, 836, 837], "summary": {"covered_lines": 7, "num_statements": 9, "percent_covered": 72.72727272727273, "percent_covered_display": "73", "missing_lines": 2, "excluded_lines": 0, "percent_statements_covered": 77.77777777777777, "percent_statements_covered_display": "78", "num_branches": 2, "num_partial_branches": 1, "covered_branches": 1, "missing_branches": 1, "percent_branches_covered": 50.0, "percent_branches_covered_display": "50"}, "missing_lines": [826, 827], "excluded_lines": [], "start_line": 812, "executed_branches": [[825, 829]], "missing_branches": [[825, 826]]}, "_to_findings": {"executed_lines": [861, 863, 869, 870, 889, 890, 900, 901, 902, 909, 920, 921, 922, 923, 924, 925, 926, 927, 928, 931, 944, 945, 955, 966, 967, 969, 970, 971, 972, 975, 976, 977, 979, 989, 1005, 1006, 1008], "summary": {"covered_lines": 37, "num_statements": 50, "percent_covered": 75.0, "percent_covered_display": "75", "missing_lines": 13, "excluded_lines": 0, "percent_statements_covered": 74.0, "percent_statements_covered_display": "74", "num_branches": 34, "num_partial_branches": 6, "covered_branches": 26, "missing_branches": 8, "percent_branches_covered": 76.47058823529412, "percent_branches_covered_display": "76"}, "missing_lines": [903, 904, 905, 906, 907, 908, 929, 930, 956, 973, 974, 978, 990], "excluded_lines": [], "start_line": 859, "executed_branches": [[869, 870], [869, 889], [889, 890], [889, 900], [900, 901], [900, 920], [902, 909], [920, 921], [920, 944], [922, 923], [924, 925], [924, 931], [927, 928], [944, 945], [944, 955], [955, 966], [966, 967], [966, 1008], [970, 971], [970, 975], [975, 976], [975, 989], [977, 979], [989, 1005], [1005, 966], [1005, 1006]], "missing_branches": [[902, 903], [905, 906], [905, 909], [922, 931], [927, 931], [955, 956], [977, 978], [989, 990]]}, "_to_findings._rel": {"executed_lines": [864, 865, 866, 867], "summary": {"covered_lines": 4, "num_statements": 4, "percent_covered": 100.0, "percent_covered_display": "100", "missing_lines": 0, "excluded_lines": 0, "percent_statements_covered": 100.0, "percent_statements_covered_display": "100", "num_branches": 0, "num_partial_branches": 0, "covered_branches": 0, "missing_branches": 0, "percent_branches_covered": 100.0, "percent_branches_covered_display": "100"}, "missing_lines": [], "excluded_lines": [], "start_line": 863, "executed_branches": [], "missing_branches": []}, "_resolve_target": {"executed_lines": [1021, 1022, 1025, 1026, 1027, 1028, 1029, 1035, 1036, 1040], "summary": {"covered_lines": 10, "num_statements": 12, "percent_covered": 85.0, "percent_covered_display": "85", "missing_lines": 2, "excluded_lines": 0, "percent_statements_covered": 83.33333333333333, "percent_statements_covered_display": "83", "num_branches": 8, "num_partial_branches": 1, "covered_branches": 7, "missing_branches": 1, "percent_branches_covered": 87.5, "percent_branches_covered_display": "88"}, "missing_lines": [1030, 1034], "excluded_lines": [], "start_line": 1014, "executed_branches": [[1025, 1026], [1025, 1036], [1026, 1027], [1026, 1028], [1028, 1025], [1028, 1029], [1029, 1035]], "missing_branches": [[1029, 1030]]}, "_apply_target": {"executed_lines": [1060, 1063, 1064, 1065, 1070, 1071, 1072, 1075, 1078, 1079, 1080, 1081, 1082, 1083, 1084, 1085], "summary": {"covered_lines": 16, "num_statements": 20, "percent_covered": 81.81818181818181, "percent_covered_display": "82", "missing_lines": 4, "excluded_lines": 0, "percent_statements_covered": 80.0, "percent_statements_covered_display": "80", "num_branches": 2, "num_partial_branches": 0, "covered_branches": 2, "missing_branches": 0, "percent_branches_covered": 100.0, "percent_branches_covered_display": "100"}, "missing_lines": [1066, 1067, 1073, 1074], "excluded_lines": [], "start_line": 1043, "executed_branches": [[1070, 1071], [1070, 1078]], "missing_branches": []}, "check_all": {"executed_lines": [1145, 1146, 1147, 1149, 1150, 1154, 1155, 1156, 1157, 1159, 1160, 1168, 1169, 1171, 1172, 1179, 1182, 1183, 1184, 1192, 1207, 1208, 1209, 1210, 1213, 1215, 1218, 1219, 1220, 1222, 1224, 1225, 1227, 1229, 1230, 1231, 1245, 1246, 1247, 1250, 1251, 1252, 1257, 1259, 1260, 1261], "summary": {"covered_lines": 46, "num_statements": 55, "percent_covered": 81.17647058823529, "percent_covered_display": "81", "missing_lines": 9, "excluded_lines": 0, "percent_statements_covered": 83.63636363636364, "percent_statements_covered_display": "84", "num_branches": 30, "num_partial_branches": 3, "covered_branches": 23, "missing_branches": 7, "percent_branches_covered": 76.66666666666667, "percent_branches_covered_display": "77"}, "missing_lines": [1148, 1151, 1185, 1186, 1187, 1188, 1189, 1190, 1191], "excluded_lines": [], "start_line": 1089, "executed_branches": [[1147, 1149], [1150, 1154], [1156, 1157], [1156, 1159], [1182, 1183], [1182, 1213], [1184, 1192], [1208, 1209], [1208, 1210], [1218, 1219], [1218, 1222], [1224, 1225], [1224, 1227], [1229, 1230], [1229, 1231], [1246, 1247], [1246, 1250], [1251, 1252], [1251, 1257], [1259, -1088], [1259, 1260], [1260, -1088], [1260, 1261]], "missing_branches": [[1147, 1148], [1150, 1151], [1184, 1185], [1185, 1184], [1185, 1186], [1186, 1185], [1186, 1187]]}, "plugins_list": {"executed_lines": [1276, 1278, 1279, 1280, 1281, 1284, 1286, 1287, 1288, 1291, 1297], "summary": {"covered_lines": 11, "num_statements": 11, "percent_covered": 100.0, "percent_covered_display": "100", "missing_lines": 0, "excluded_lines": 0, "percent_statements_covered": 100.0, "percent_statements_covered_display": "100", "num_branches": 4, "num_partial_branches": 0, "covered_branches": 4, "missing_branches": 0, "percent_branches_covered": 100.0, "percent_branches_covered_display": "100"}, "missing_lines": [], "excluded_lines": [], "start_line": 1265, "executed_branches": [[1279, 1280], [1279, 1286], [1287, 1288], [1287, 1297]], "missing_branches": []}, "_run_all_checks": {"executed_lines": [], "summary": {"covered_lines": 0, "num_statements": 6, "percent_covered": 0.0, "percent_covered_display": "0", "missing_lines": 6, "excluded_lines": 0, "percent_statements_covered": 0.0, "percent_statements_covered_display": "0", "num_branches": 0, "num_partial_branches": 0, "covered_branches": 0, "missing_branches": 0, "percent_branches_covered": 100.0, "percent_branches_covered_display": "100"}, "missing_lines": [1308, 1315, 1316, 1317, 1318, 1320], "excluded_lines": [], "start_line": 1300, "executed_branches": [], "missing_branches": []}, "score": {"executed_lines": [1343, 1344, 1345, 1346, 1347, 1348, 1351, 1353, 1354, 1355, 1356, 1358, 1359, 1362, 1363, 1364, 1365, 1369, 1370, 1371, 1372, 1374, 1375, 1385, 1387, 1396, 1397, 1398, 1399, 1400, 1402, 1403, 1404, 1405, 1407, 1408, 1409, 1417, 1419, 1420, 1423], "summary": {"covered_lines": 41, "num_statements": 42, "percent_covered": 96.42857142857143, "percent_covered_display": "96", "missing_lines": 1, "excluded_lines": 0, "percent_statements_covered": 97.61904761904762, "percent_statements_covered_display": "98", "num_branches": 14, "num_partial_branches": 1, "covered_branches": 13, "missing_branches": 1, "percent_branches_covered": 92.85714285714286, "percent_branches_covered_display": "93"}, "missing_lines": [1367], "excluded_lines": [], "start_line": 1329, "executed_branches": [[1353, 1354], [1353, 1358], [1358, 1359], [1358, 1362], [1362, 1363], [1362, 1364], [1364, 1365], [1402, 1403], [1402, 1417], [1403, 1404], [1403, 1407], [1419, -1329], [1419, 1420]], "missing_branches": [[1364, 1367]]}, "diff": {"executed_lines": [1445, 1446, 1447, 1448, 1449, 1451, 1452, 1453, 1457, 1459, 1460, 1462, 1463, 1485, 1486, 1487, 1488, 1489, 1490, 1491, 1492, 1493, 1494, 1495, 1496, 1497, 1502, 1503, 1504, 1507], "summary": {"covered_lines": 30, "num_statements": 30, "percent_covered": 100.0, "percent_covered_display": "100", "missing_lines": 0, "excluded_lines": 0, "percent_statements_covered": 100.0, "percent_statements_covered_display": "100", "num_branches": 8, "num_partial_branches": 0, "covered_branches": 8, "missing_branches": 0, "percent_branches_covered": 100.0, "percent_branches_covered_display": "100"}, "missing_lines": [], "excluded_lines": [], "start_line": 1426, "executed_branches": [[1452, 1453], [1452, 1459], [1462, 1463], [1462, 1485], [1491, 1492], [1491, 1502], [1503, -1426], [1503, 1504]], "missing_branches": []}, "init": {"executed_lines": [1541, 1543, 1544, 1545, 1548, 1549, 1551, 1553, 1558, 1559, 1561], "summary": {"covered_lines": 11, "num_statements": 11, "percent_covered": 100.0, "percent_covered_display": "100", "missing_lines": 0, "excluded_lines": 0, "percent_statements_covered": 100.0, "percent_statements_covered_display": "100", "num_branches": 6, "num_partial_branches": 0, "covered_branches": 6, "missing_branches": 0, "percent_branches_covered": 100.0, "percent_branches_covered_display": "100"}, "missing_lines": [], "excluded_lines": [], "start_line": 1510, "executed_branches": [[1543, 1544], [1543, 1548], [1551, 1553], [1551, 1558], [1558, 1559], [1558, 1561]], "missing_branches": []}, "_detect_init_engine": {"executed_lines": [1566, 1567, 1568, 1570], "summary": {"covered_lines": 4, "num_statements": 5, "percent_covered": 77.77777777777777, "percent_covered_display": "78", "missing_lines": 1, "excluded_lines": 0, "percent_statements_covered": 80.0, "percent_statements_covered_display": "80", "num_branches": 4, "num_partial_branches": 1, "covered_branches": 3, "missing_branches": 1, "percent_branches_covered": 75.0, "percent_branches_covered_display": "75"}, "missing_lines": [1569], "excluded_lines": [], "start_line": 1564, "executed_branches": [[1566, 1567], [1566, 1568], [1568, 1570]], "missing_branches": [[1568, 1569]]}, "_engine_feedback": {"executed_lines": [1575, 1576, 1577, 1578], "summary": {"covered_lines": 4, "num_statements": 4, "percent_covered": 100.0, "percent_covered_display": "100", "missing_lines": 0, "excluded_lines": 0, "percent_statements_covered": 100.0, "percent_statements_covered_display": "100", "num_branches": 2, "num_partial_branches": 0, "covered_branches": 2, "missing_branches": 0, "percent_branches_covered": 100.0, "percent_branches_covered_display": "100"}, "missing_lines": [], "excluded_lines": [], "start_line": 1573, "executed_branches": [[1575, 1576], [1575, 1578]], "missing_branches": []}, "_init_standalone": {"executed_lines": [1583, 1585, 1586, 1591, 1593, 1595, 1596, 1597, 1599, 1624, 1626], "summary": {"covered_lines": 11, "num_statements": 11, "percent_covered": 100.0, "percent_covered_display": "100", "missing_lines": 0, "excluded_lines": 0, "percent_statements_covered": 100.0, "percent_statements_covered_display": "100", "num_branches": 4, "num_partial_branches": 0, "covered_branches": 4, "missing_branches": 0, "percent_branches_covered": 100.0, "percent_branches_covered_display": "100"}, "missing_lines": [], "excluded_lines": [], "start_line": 1581, "executed_branches": [[1585, 1586], [1585, 1593], [1596, 1597], [1596, 1599]], "missing_branches": []}, "_init_pyproject": {"executed_lines": [1636, 1637, 1642, 1644, 1646, 1647, 1652, 1654, 1656, 1657, 1658, 1660, 1667, 1668, 1670, 1672, 1678, 1680], "summary": {"covered_lines": 18, "num_statements": 18, "percent_covered": 100.0, "percent_covered_display": "100", "missing_lines": 0, "excluded_lines": 0, "percent_statements_covered": 100.0, "percent_statements_covered_display": "100", "num_branches": 10, "num_partial_branches": 0, "covered_branches": 10, "missing_branches": 0, "percent_branches_covered": 100.0, "percent_branches_covered_display": "100"}, "missing_lines": [], "excluded_lines": [], "start_line": 1634, "executed_branches": [[1636, 1637], [1636, 1644], [1646, 1647], [1646, 1654], [1657, 1658], [1657, 1660], [1667, 1668], [1667, 1670], [1670, 1672], [1670, 1678]], "missing_branches": []}, "_scaffold_plugin": {"executed_lines": [1694, 1695, 1699, 1700, 1701, 1707, 1708, 1709, 1710, 1712, 1713, 1714, 1718, 1720, 1721, 1722, 1723, 1725, 1744, 1775, 1794, 1802, 1803, 1804, 1808, 1812, 1813, 1815], "summary": {"covered_lines": 28, "num_statements": 32, "percent_covered": 84.21052631578948, "percent_covered_display": "84", "missing_lines": 4, "excluded_lines": 0, "percent_statements_covered": 87.5, "percent_statements_covered_display": "88", "num_branches": 6, "num_partial_branches": 2, "covered_branches": 4, "missing_branches": 2, "percent_branches_covered": 66.66666666666667, "percent_branches_covered_display": "67"}, "missing_lines": [1696, 1697, 1702, 1705], "excluded_lines": [], "start_line": 1688, "executed_branches": [[1695, 1699], [1701, 1707], [1713, 1714], [1713, 1720]], "missing_branches": [[1695, 1696], [1701, 1702]]}, "": {"executed_lines": [5, 7, 8, 9, 10, 11, 12, 14, 15, 16, 17, 18, 19, 21, 22, 23, 24, 33, 34, 42, 43, 44, 47, 54, 61, 68, 73, 83, 89, 114, 139, 161, 187, 207, 257, 258, 343, 344, 412, 413, 483, 484, 623, 624, 679, 680, 724, 725, 786, 787, 788, 789, 790, 791, 792, 793, 794, 795, 797, 798, 812, 859, 1014, 1043, 1088, 1089, 1264, 1265, 1300, 1329, 1426, 1510, 1564, 1573, 1581, 1634, 1688], "summary": {"covered_lines": 77, "num_statements": 77, "percent_covered": 100.0, "percent_covered_display": "100", "missing_lines": 0, "excluded_lines": 0, "percent_statements_covered": 100.0, "percent_statements_covered_display": "100", "num_branches": 0, "num_partial_branches": 0, "covered_branches": 0, "missing_branches": 0, "percent_branches_covered": 100.0, "percent_branches_covered_display": "100"}, "missing_lines": [], "excluded_lines": [], "start_line": 1, "executed_branches": [], "missing_branches": []}}, "classes": {"_AllCheckResults": {"executed_lines": [799, 800], "summary": {"covered_lines": 2, "num_statements": 2, "percent_covered": 100.0, "percent_covered_display": "100", "missing_lines": 0, "excluded_lines": 0, "percent_statements_covered": 100.0, "percent_statements_covered_display": "100", "num_branches": 0, "num_partial_branches": 0, "covered_branches": 0, "missing_branches": 0, "percent_branches_covered": 100.0, "percent_branches_covered_display": "100"}, "missing_lines": [], "excluded_lines": [], "start_line": 787, "executed_branches": [], "missing_branches": []}, "": {"executed_lines": [5, 7, 8, 9, 10, 11, 12, 14, 15, 16, 17, 18, 19, 21, 22, 23, 24, 33, 34, 42, 43, 44, 47, 54, 61, 68, 73, 83, 89, 96, 97, 114, 116, 136, 139, 161, 177, 178, 187, 194, 195, 196, 197, 207, 219, 220, 222, 223, 224, 225, 226, 227, 232, 235, 243, 244, 246, 247, 254, 257, 258, 269, 271, 272, 273, 275, 276, 278, 279, 280, 284, 285, 292, 294, 314, 315, 316, 317, 319, 320, 321, 322, 324, 325, 326, 336, 337, 338, 339, 340, 343, 344, 361, 363, 364, 365, 367, 368, 370, 371, 373, 374, 375, 377, 388, 389, 390, 391, 393, 395, 396, 397, 408, 409, 412, 413, 420, 422, 423, 424, 426, 427, 429, 430, 431, 432, 433, 435, 436, 437, 439, 440, 441, 442, 449, 460, 461, 462, 463, 465, 467, 468, 469, 479, 480, 483, 484, 516, 518, 519, 520, 522, 523, 525, 526, 527, 528, 529, 531, 532, 538, 541, 542, 543, 544, 545, 546, 547, 550, 564, 565, 577, 580, 591, 592, 593, 594, 596, 597, 598, 600, 602, 603, 604, 616, 617, 619, 620, 623, 624, 631, 633, 634, 635, 637, 638, 640, 641, 642, 644, 655, 656, 657, 658, 660, 662, 663, 664, 675, 676, 679, 680, 724, 725, 731, 733, 734, 735, 737, 738, 740, 741, 742, 744, 745, 746, 747, 748, 749, 756, 769, 770, 771, 782, 783, 786, 787, 788, 789, 790, 791, 792, 793, 794, 795, 797, 798, 812, 820, 823, 824, 825, 829, 836, 837, 859, 861, 863, 864, 865, 866, 867, 869, 870, 889, 890, 900, 901, 902, 909, 920, 921, 922, 923, 924, 925, 926, 927, 928, 931, 944, 945, 955, 966, 967, 969, 970, 971, 972, 975, 976, 977, 979, 989, 1005, 1006, 1008, 1014, 1021, 1022, 1025, 1026, 1027, 1028, 1029, 1035, 1036, 1040, 1043, 1060, 1063, 1064, 1065, 1070, 1071, 1072, 1075, 1078, 1079, 1080, 1081, 1082, 1083, 1084, 1085, 1088, 1089, 1145, 1146, 1147, 1149, 1150, 1154, 1155, 1156, 1157, 1159, 1160, 1168, 1169, 1171, 1172, 1179, 1182, 1183, 1184, 1192, 1207, 1208, 1209, 1210, 1213, 1215, 1218, 1219, 1220, 1222, 1224, 1225, 1227, 1229, 1230, 1231, 1245, 1246, 1247, 1250, 1251, 1252, 1257, 1259, 1260, 1261, 1264, 1265, 1276, 1278, 1279, 1280, 1281, 1284, 1286, 1287, 1288, 1291, 1297, 1300, 1329, 1343, 1344, 1345, 1346, 1347, 1348, 1351, 1353, 1354, 1355, 1356, 1358, 1359, 1362, 1363, 1364, 1365, 1369, 1370, 1371, 1372, 1374, 1375, 1385, 1387, 1396, 1397, 1398, 1399, 1400, 1402, 1403, 1404, 1405, 1407, 1408, 1409, 1417, 1419, 1420, 1423, 1426, 1445, 1446, 1447, 1448, 1449, 1451, 1452, 1453, 1457, 1459, 1460, 1462, 1463, 1485, 1486, 1487, 1488, 1489, 1490, 1491, 1492, 1493, 1494, 1495, 1496, 1497, 1502, 1503, 1504, 1507, 1510, 1541, 1543, 1544, 1545, 1548, 1549, 1551, 1553, 1558, 1559, 1561, 1564, 1566, 1567, 1568, 1570, 1573, 1575, 1576, 1577, 1578, 1581, 1583, 1585, 1586, 1591, 1593, 1595, 1596, 1597, 1599, 1624, 1626, 1634, 1636, 1637, 1642, 1644, 1646, 1647, 1652, 1654, 1656, 1657, 1658, 1660, 1667, 1668, 1670, 1672, 1678, 1680, 1688, 1694, 1695, 1699, 1700, 1701, 1707, 1708, 1709, 1710, 1712, 1713, 1714, 1718, 1720, 1721, 1722, 1723, 1725, 1744, 1775, 1794, 1802, 1803, 1804, 1808, 1812, 1813, 1815], "summary": {"covered_lines": 542, "num_statements": 674, "percent_covered": 78.10457516339869, "percent_covered_display": "78", "missing_lines": 132, "excluded_lines": 0, "percent_statements_covered": 80.41543026706232, "percent_statements_covered_display": "80", "num_branches": 244, "num_partial_branches": 37, "covered_branches": 175, "missing_branches": 69, "percent_branches_covered": 71.72131147540983, "percent_branches_covered_display": "72"}, "missing_lines": [85, 86, 98, 99, 100, 101, 102, 103, 104, 105, 109, 110, 111, 141, 142, 143, 144, 145, 149, 150, 151, 153, 154, 155, 157, 158, 198, 199, 204, 248, 249, 274, 281, 282, 318, 366, 369, 392, 425, 443, 444, 445, 446, 447, 448, 464, 521, 548, 549, 551, 552, 553, 554, 578, 581, 595, 599, 618, 636, 659, 689, 690, 691, 692, 694, 695, 696, 697, 699, 700, 701, 703, 704, 705, 707, 708, 709, 713, 714, 717, 718, 719, 721, 736, 750, 751, 752, 753, 754, 755, 826, 827, 903, 904, 905, 906, 907, 908, 929, 930, 956, 973, 974, 978, 990, 1030, 1034, 1066, 1067, 1073, 1074, 1148, 1151, 1185, 1186, 1187, 1188, 1189, 1190, 1191, 1308, 1315, 1316, 1317, 1318, 1320, 1367, 1569, 1696, 1697, 1702, 1705], "excluded_lines": [], "start_line": 1, "executed_branches": [[96, 97], [225, 226], [225, 227], [243, 244], [243, 254], [247, 254], [273, 275], [314, 315], [314, 324], [317, 319], [320, 321], [320, 322], [337, 338], [337, 339], [339, -257], [339, 340], [365, 367], [368, 370], [388, 389], [388, 395], [391, 393], [408, -343], [408, 409], [424, 426], [440, 441], [440, 460], [442, 449], [460, 461], [460, 467], [463, 465], [479, -412], [479, 480], [520, 522], [542, 543], [542, 580], [545, 546], [545, 550], [550, 564], [564, 565], [564, 577], [577, 542], [580, 591], [591, 592], [591, 602], [594, 596], [598, 600], [617, 619], [619, -483], [619, 620], [635, 637], [655, 656], [655, 662], [658, 660], [675, -623], [675, 676], [735, 737], [745, 746], [745, 769], [747, 748], [749, 756], [782, -724], [782, 783], [825, 829], [869, 870], [869, 889], [889, 890], [889, 900], [900, 901], [900, 920], [902, 909], [920, 921], [920, 944], [922, 923], [924, 925], [924, 931], [927, 928], [944, 945], [944, 955], [955, 966], [966, 967], [966, 1008], [970, 971], [970, 975], [975, 976], [975, 989], [977, 979], [989, 1005], [1005, 966], [1005, 1006], [1025, 1026], [1025, 1036], [1026, 1027], [1026, 1028], [1028, 1025], [1028, 1029], [1029, 1035], [1070, 1071], [1070, 1078], [1147, 1149], [1150, 1154], [1156, 1157], [1156, 1159], [1182, 1183], [1182, 1213], [1184, 1192], [1208, 1209], [1208, 1210], [1218, 1219], [1218, 1222], [1224, 1225], [1224, 1227], [1229, 1230], [1229, 1231], [1246, 1247], [1246, 1250], [1251, 1252], [1251, 1257], [1259, -1088], [1259, 1260], [1260, -1088], [1260, 1261], [1279, 1280], [1279, 1286], [1287, 1288], [1287, 1297], [1353, 1354], [1353, 1358], [1358, 1359], [1358, 1362], [1362, 1363], [1362, 1364], [1364, 1365], [1402, 1403], [1402, 1417], [1403, 1404], [1403, 1407], [1419, -1329], [1419, 1420], [1452, 1453], [1452, 1459], [1462, 1463], [1462, 1485], [1491, 1492], [1491, 1502], [1503, -1426], [1503, 1504], [1543, 1544], [1543, 1548], [1551, 1553], [1551, 1558], [1558, 1559], [1558, 1561], [1566, 1567], [1566, 1568], [1568, 1570], [1575, 1576], [1575, 1578], [1585, 1586], [1585, 1593], [1596, 1597], [1596, 1599], [1636, 1637], [1636, 1644], [1646, 1647], [1646, 1654], [1657, 1658], [1657, 1660], [1667, 1668], [1667, 1670], [1670, 1672], [1670, 1678], [1695, 1699], [1701, 1707], [1713, 1714], [1713, 1720]], "missing_branches": [[96, 98], [99, 100], [99, 110], [103, 104], [103, 105], [157, -139], [157, 158], [247, 248], [248, 249], [248, 254], [273, 274], [317, 318], [365, 366], [368, 369], [391, 392], [424, 425], [442, 443], [445, 446], [445, 449], [463, 464], [520, 521], [550, 551], [552, 553], [552, 554], [577, 578], [580, 581], [594, 595], [598, 599], [617, 618], [635, 636], [658, 659], [695, 696], [695, 699], [700, 701], [700, 703], [703, 704], [703, 707], [707, 708], [707, 717], [709, 713], [709, 717], [717, 718], [717, 721], [735, 736], [747, 756], [749, 750], [752, 753], [752, 756], [825, 826], [902, 903], [905, 906], [905, 909], [922, 931], [927, 931], [955, 956], [977, 978], [989, 990], [1029, 1030], [1147, 1148], [1150, 1151], [1184, 1185], [1185, 1184], [1185, 1186], [1186, 1185], [1186, 1187], [1364, 1367], [1568, 1569], [1695, 1696], [1701, 1702]]}}}, "src/zenzic/core/__init__.py": {"executed_lines": [10, 20], "summary": {"covered_lines": 2, "num_statements": 2, "percent_covered": 100.0, "percent_covered_display": "100", "missing_lines": 0, "excluded_lines": 0, "percent_statements_covered": 100.0, "percent_statements_covered_display": "100", "num_branches": 0, "num_partial_branches": 0, "covered_branches": 0, "missing_branches": 0, "percent_branches_covered": 100.0, "percent_branches_covered_display": "100"}, "missing_lines": [], "excluded_lines": [], "executed_branches": [], "missing_branches": [], "functions": {"": {"executed_lines": [10, 20], "summary": {"covered_lines": 2, "num_statements": 2, "percent_covered": 100.0, "percent_covered_display": "100", "missing_lines": 0, "excluded_lines": 0, "percent_statements_covered": 100.0, "percent_statements_covered_display": "100", "num_branches": 0, "num_partial_branches": 0, "covered_branches": 0, "missing_branches": 0, "percent_branches_covered": 100.0, "percent_branches_covered_display": "100"}, "missing_lines": [], "excluded_lines": [], "start_line": 1, "executed_branches": [], "missing_branches": []}}, "classes": {"": {"executed_lines": [10, 20], "summary": {"covered_lines": 2, "num_statements": 2, "percent_covered": 100.0, "percent_covered_display": "100", "missing_lines": 0, "excluded_lines": 0, "percent_statements_covered": 100.0, "percent_statements_covered_display": "100", "num_branches": 0, "num_partial_branches": 0, "covered_branches": 0, "missing_branches": 0, "percent_branches_covered": 100.0, "percent_branches_covered_display": "100"}, "missing_lines": [], "excluded_lines": [], "start_line": 1, "executed_branches": [], "missing_branches": []}}}, "src/zenzic/core/adapter.py": {"executed_lines": [9, 10], "summary": {"covered_lines": 2, "num_statements": 2, "percent_covered": 100.0, "percent_covered_display": "100", "missing_lines": 0, "excluded_lines": 0, "percent_statements_covered": 100.0, "percent_statements_covered_display": "100", "num_branches": 0, "num_partial_branches": 0, "covered_branches": 0, "missing_branches": 0, "percent_branches_covered": 100.0, "percent_branches_covered_display": "100"}, "missing_lines": [], "excluded_lines": [], "executed_branches": [], "missing_branches": [], "functions": {"": {"executed_lines": [9, 10], "summary": {"covered_lines": 2, "num_statements": 2, "percent_covered": 100.0, "percent_covered_display": "100", "missing_lines": 0, "excluded_lines": 0, "percent_statements_covered": 100.0, "percent_statements_covered_display": "100", "num_branches": 0, "num_partial_branches": 0, "covered_branches": 0, "missing_branches": 0, "percent_branches_covered": 100.0, "percent_branches_covered_display": "100"}, "missing_lines": [], "excluded_lines": [], "start_line": 1, "executed_branches": [], "missing_branches": []}}, "classes": {"": {"executed_lines": [9, 10], "summary": {"covered_lines": 2, "num_statements": 2, "percent_covered": 100.0, "percent_covered_display": "100", "missing_lines": 0, "excluded_lines": 0, "percent_statements_covered": 100.0, "percent_statements_covered_display": "100", "num_branches": 0, "num_partial_branches": 0, "covered_branches": 0, "missing_branches": 0, "percent_branches_covered": 100.0, "percent_branches_covered_display": "100"}, "missing_lines": [], "excluded_lines": [], "start_line": 1, "executed_branches": [], "missing_branches": []}}}, "src/zenzic/core/adapters/__init__.py": {"executed_lines": [29, 31, 32, 41, 42, 53, 54, 57], "summary": {"covered_lines": 8, "num_statements": 8, "percent_covered": 100.0, "percent_covered_display": "100", "missing_lines": 0, "excluded_lines": 0, "percent_statements_covered": 100.0, "percent_statements_covered_display": "100", "num_branches": 0, "num_partial_branches": 0, "covered_branches": 0, "missing_branches": 0, "percent_branches_covered": 100.0, "percent_branches_covered_display": "100"}, "missing_lines": [], "excluded_lines": [], "executed_branches": [], "missing_branches": [], "functions": {"": {"executed_lines": [29, 31, 32, 41, 42, 53, 54, 57], "summary": {"covered_lines": 8, "num_statements": 8, "percent_covered": 100.0, "percent_covered_display": "100", "missing_lines": 0, "excluded_lines": 0, "percent_statements_covered": 100.0, "percent_statements_covered_display": "100", "num_branches": 0, "num_partial_branches": 0, "covered_branches": 0, "missing_branches": 0, "percent_branches_covered": 100.0, "percent_branches_covered_display": "100"}, "missing_lines": [], "excluded_lines": [], "start_line": 1, "executed_branches": [], "missing_branches": []}}, "classes": {"": {"executed_lines": [29, 31, 32, 41, 42, 53, 54, 57], "summary": {"covered_lines": 8, "num_statements": 8, "percent_covered": 100.0, "percent_covered_display": "100", "missing_lines": 0, "excluded_lines": 0, "percent_statements_covered": 100.0, "percent_statements_covered_display": "100", "num_branches": 0, "num_partial_branches": 0, "covered_branches": 0, "missing_branches": 0, "percent_branches_covered": 100.0, "percent_branches_covered_display": "100"}, "missing_lines": [], "excluded_lines": [], "start_line": 1, "executed_branches": [], "missing_branches": []}}}, "src/zenzic/core/adapters/_base.py": {"executed_lines": [18, 20, 21, 22, 32, 33, 58, 59, 60, 61, 62, 63, 69, 70, 77, 81, 85, 115, 119, 123, 127, 136, 152, 171], "summary": {"covered_lines": 24, "num_statements": 24, "percent_covered": 100.0, "percent_covered_display": "100", "missing_lines": 0, "excluded_lines": 12, "percent_statements_covered": 100.0, "percent_statements_covered_display": "100", "num_branches": 0, "num_partial_branches": 0, "covered_branches": 0, "missing_branches": 0, "percent_branches_covered": 100.0, "percent_branches_covered_display": "100"}, "missing_lines": [], "excluded_lines": [25, 26, 79, 83, 113, 117, 121, 125, 134, 150, 169, 195], "executed_branches": [], "missing_branches": [], "functions": {"BaseAdapter.is_locale_dir": {"executed_lines": [], "summary": {"covered_lines": 0, "num_statements": 0, "percent_covered": 100.0, "percent_covered_display": "100", "missing_lines": 0, "excluded_lines": 1, "percent_statements_covered": 100.0, "percent_statements_covered_display": "100", "num_branches": 0, "num_partial_branches": 0, "covered_branches": 0, "missing_branches": 0, "percent_branches_covered": 100.0, "percent_branches_covered_display": "100"}, "missing_lines": [], "excluded_lines": [79], "start_line": 77, "executed_branches": [], "missing_branches": []}, "BaseAdapter.resolve_asset": {"executed_lines": [], "summary": {"covered_lines": 0, "num_statements": 0, "percent_covered": 100.0, "percent_covered_display": "100", "missing_lines": 0, "excluded_lines": 1, "percent_statements_covered": 100.0, "percent_statements_covered_display": "100", "num_branches": 0, "num_partial_branches": 0, "covered_branches": 0, "missing_branches": 0, "percent_branches_covered": 100.0, "percent_branches_covered_display": "100"}, "missing_lines": [], "excluded_lines": [83], "start_line": 81, "executed_branches": [], "missing_branches": []}, "BaseAdapter.resolve_anchor": {"executed_lines": [], "summary": {"covered_lines": 0, "num_statements": 0, "percent_covered": 100.0, "percent_covered_display": "100", "missing_lines": 0, "excluded_lines": 1, "percent_statements_covered": 100.0, "percent_statements_covered_display": "100", "num_branches": 0, "num_partial_branches": 0, "covered_branches": 0, "missing_branches": 0, "percent_branches_covered": 100.0, "percent_branches_covered_display": "100"}, "missing_lines": [], "excluded_lines": [113], "start_line": 85, "executed_branches": [], "missing_branches": []}, "BaseAdapter.is_shadow_of_nav_page": {"executed_lines": [], "summary": {"covered_lines": 0, "num_statements": 0, "percent_covered": 100.0, "percent_covered_display": "100", "missing_lines": 0, "excluded_lines": 1, "percent_statements_covered": 100.0, "percent_statements_covered_display": "100", "num_branches": 0, "num_partial_branches": 0, "covered_branches": 0, "missing_branches": 0, "percent_branches_covered": 100.0, "percent_branches_covered_display": "100"}, "missing_lines": [], "excluded_lines": [117], "start_line": 115, "executed_branches": [], "missing_branches": []}, "BaseAdapter.get_ignored_patterns": {"executed_lines": [], "summary": {"covered_lines": 0, "num_statements": 0, "percent_covered": 100.0, "percent_covered_display": "100", "missing_lines": 0, "excluded_lines": 1, "percent_statements_covered": 100.0, "percent_statements_covered_display": "100", "num_branches": 0, "num_partial_branches": 0, "covered_branches": 0, "missing_branches": 0, "percent_branches_covered": 100.0, "percent_branches_covered_display": "100"}, "missing_lines": [], "excluded_lines": [121], "start_line": 119, "executed_branches": [], "missing_branches": []}, "BaseAdapter.get_nav_paths": {"executed_lines": [], "summary": {"covered_lines": 0, "num_statements": 0, "percent_covered": 100.0, "percent_covered_display": "100", "missing_lines": 0, "excluded_lines": 1, "percent_statements_covered": 100.0, "percent_statements_covered_display": "100", "num_branches": 0, "num_partial_branches": 0, "covered_branches": 0, "missing_branches": 0, "percent_branches_covered": 100.0, "percent_branches_covered_display": "100"}, "missing_lines": [], "excluded_lines": [125], "start_line": 123, "executed_branches": [], "missing_branches": []}, "BaseAdapter.has_engine_config": {"executed_lines": [], "summary": {"covered_lines": 0, "num_statements": 0, "percent_covered": 100.0, "percent_covered_display": "100", "missing_lines": 0, "excluded_lines": 1, "percent_statements_covered": 100.0, "percent_statements_covered_display": "100", "num_branches": 0, "num_partial_branches": 0, "covered_branches": 0, "missing_branches": 0, "percent_branches_covered": 100.0, "percent_branches_covered_display": "100"}, "missing_lines": [], "excluded_lines": [134], "start_line": 127, "executed_branches": [], "missing_branches": []}, "BaseAdapter.map_url": {"executed_lines": [], "summary": {"covered_lines": 0, "num_statements": 0, "percent_covered": 100.0, "percent_covered_display": "100", "missing_lines": 0, "excluded_lines": 1, "percent_statements_covered": 100.0, "percent_statements_covered_display": "100", "num_branches": 0, "num_partial_branches": 0, "covered_branches": 0, "missing_branches": 0, "percent_branches_covered": 100.0, "percent_branches_covered_display": "100"}, "missing_lines": [], "excluded_lines": [150], "start_line": 136, "executed_branches": [], "missing_branches": []}, "BaseAdapter.classify_route": {"executed_lines": [], "summary": {"covered_lines": 0, "num_statements": 0, "percent_covered": 100.0, "percent_covered_display": "100", "missing_lines": 0, "excluded_lines": 1, "percent_statements_covered": 100.0, "percent_statements_covered_display": "100", "num_branches": 0, "num_partial_branches": 0, "covered_branches": 0, "missing_branches": 0, "percent_branches_covered": 100.0, "percent_branches_covered_display": "100"}, "missing_lines": [], "excluded_lines": [169], "start_line": 152, "executed_branches": [], "missing_branches": []}, "BaseAdapter.get_route_info": {"executed_lines": [], "summary": {"covered_lines": 0, "num_statements": 0, "percent_covered": 100.0, "percent_covered_display": "100", "missing_lines": 0, "excluded_lines": 1, "percent_statements_covered": 100.0, "percent_statements_covered_display": "100", "num_branches": 0, "num_partial_branches": 0, "covered_branches": 0, "missing_branches": 0, "percent_branches_covered": 100.0, "percent_branches_covered_display": "100"}, "missing_lines": [], "excluded_lines": [195], "start_line": 171, "executed_branches": [], "missing_branches": []}, "": {"executed_lines": [18, 20, 21, 22, 32, 33, 58, 59, 60, 61, 62, 63, 69, 70, 77, 81, 85, 115, 119, 123, 127, 136, 152, 171], "summary": {"covered_lines": 24, "num_statements": 24, "percent_covered": 100.0, "percent_covered_display": "100", "missing_lines": 0, "excluded_lines": 2, "percent_statements_covered": 100.0, "percent_statements_covered_display": "100", "num_branches": 0, "num_partial_branches": 0, "covered_branches": 0, "missing_branches": 0, "percent_branches_covered": 100.0, "percent_branches_covered_display": "100"}, "missing_lines": [], "excluded_lines": [25, 26], "start_line": 1, "executed_branches": [], "missing_branches": []}}, "classes": {"RouteMetadata": {"executed_lines": [], "summary": {"covered_lines": 0, "num_statements": 0, "percent_covered": 100.0, "percent_covered_display": "100", "missing_lines": 0, "excluded_lines": 0, "percent_statements_covered": 100.0, "percent_statements_covered_display": "100", "num_branches": 0, "num_partial_branches": 0, "covered_branches": 0, "missing_branches": 0, "percent_branches_covered": 100.0, "percent_branches_covered_display": "100"}, "missing_lines": [], "excluded_lines": [], "start_line": 33, "executed_branches": [], "missing_branches": []}, "BaseAdapter": {"executed_lines": [], "summary": {"covered_lines": 0, "num_statements": 0, "percent_covered": 100.0, "percent_covered_display": "100", "missing_lines": 0, "excluded_lines": 10, "percent_statements_covered": 100.0, "percent_statements_covered_display": "100", "num_branches": 0, "num_partial_branches": 0, "covered_branches": 0, "missing_branches": 0, "percent_branches_covered": 100.0, "percent_branches_covered_display": "100"}, "missing_lines": [], "excluded_lines": [79, 83, 113, 117, 121, 125, 134, 150, 169, 195], "start_line": 70, "executed_branches": [], "missing_branches": []}, "": {"executed_lines": [18, 20, 21, 22, 32, 33, 58, 59, 60, 61, 62, 63, 69, 70, 77, 81, 85, 115, 119, 123, 127, 136, 152, 171], "summary": {"covered_lines": 24, "num_statements": 24, "percent_covered": 100.0, "percent_covered_display": "100", "missing_lines": 0, "excluded_lines": 2, "percent_statements_covered": 100.0, "percent_statements_covered_display": "100", "num_branches": 0, "num_partial_branches": 0, "covered_branches": 0, "missing_branches": 0, "percent_branches_covered": 100.0, "percent_branches_covered_display": "100"}, "missing_lines": [], "excluded_lines": [25, 26], "start_line": 1, "executed_branches": [], "missing_branches": []}}}, "src/zenzic/core/adapters/_docusaurus.py": {"executed_lines": [32, 34, 35, 36, 37, 39, 40, 47, 53, 62, 65, 66, 67, 68, 69, 70, 71, 73, 80, 90, 92, 98, 104, 105, 106, 107, 108, 116, 118, 121, 140, 141, 142, 143, 145, 147, 148, 154, 156, 157, 160, 176, 177, 178, 179, 181, 183, 184, 186, 187, 188, 189, 194, 195, 198, 210, 211, 212, 213, 214, 215, 216, 222, 251, 259, 260, 261, 265, 269, 270, 275, 276, 279, 281, 290, 291, 292, 293, 296, 297, 298, 299, 303, 305, 307, 309, 310, 311, 312, 314, 327, 328, 329, 330, 332, 334, 340, 343, 344, 345, 347, 355, 363, 365, 371, 408, 411, 412, 413, 415, 416, 418, 419, 420, 421, 425, 426, 430, 432, 433, 434, 436, 437, 443, 444, 446, 447, 448, 450, 451, 453, 455, 458, 460, 461, 464, 467, 468, 471, 497, 498, 499, 505, 509, 510, 513, 514, 518, 522, 523, 524, 525, 528, 530, 543, 545, 546, 548, 549, 550, 553, 554, 555, 556, 557, 560, 561, 564, 575, 576, 598, 599, 601, 602, 604, 606, 608, 609, 610, 618, 619, 621], "summary": {"covered_lines": 182, "num_statements": 220, "percent_covered": 77.9874213836478, "percent_covered_display": "78", "missing_lines": 38, "excluded_lines": 7, "percent_statements_covered": 82.72727272727273, "percent_statements_covered_display": "83", "num_branches": 98, "num_partial_branches": 16, "covered_branches": 66, "missing_branches": 32, "percent_branches_covered": 67.34693877551021, "percent_branches_covered_display": "67"}, "missing_lines": [294, 295, 331, 353, 367, 428, 438, 439, 440, 456, 462, 465, 469, 506, 515, 519, 562, 600, 611, 612, 613, 614, 615, 616, 640, 641, 642, 643, 644, 646, 648, 649, 650, 653, 654, 661, 662, 664], "excluded_lines": [43, 44, 45, 122, 266, 504, 559], "executed_branches": [[67, 68], [67, 69], [69, 70], [69, 71], [104, 105], [104, 108], [106, 104], [106, 107], [147, 148], [147, 156], [183, 184], [183, 186], [187, 188], [187, 189], [211, 212], [211, 213], [214, 215], [214, 216], [291, 292], [291, 299], [297, 291], [297, 298], [309, 310], [309, 311], [327, 328], [327, 329], [330, 332], [343, 344], [343, 345], [412, 413], [412, 425], [413, 415], [413, 418], [419, 420], [419, 421], [426, 430], [433, 434], [433, 436], [437, 443], [443, 444], [443, 446], [447, 448], [447, 450], [451, 453], [455, 458], [461, 464], [464, 467], [467, 468], [498, 499], [498, 505], [505, 509], [509, 510], [509, 513], [514, 518], [518, 522], [522, 523], [522, 528], [524, 525], [554, 555], [554, 560], [556, 557], [561, 564], [599, 601], [601, 602], [601, 604], [610, 618]], "missing_branches": [[330, 331], [426, 428], [437, 438], [439, 440], [439, 443], [451, 455], [455, 456], [461, 462], [464, 465], [467, 469], [505, 506], [514, 515], [518, 519], [524, 528], [556, 560], [561, 562], [599, 600], [610, 611], [613, 614], [613, 618], [641, 642], [641, 646], [643, 641], [643, 644], [646, 648], [646, 664], [649, 650], [649, 653], [653, 646], [653, 654], [661, 653], [661, 662]], "functions": {"_strip_js_comments": {"executed_lines": [65, 73], "summary": {"covered_lines": 2, "num_statements": 2, "percent_covered": 100.0, "percent_covered_display": "100", "missing_lines": 0, "excluded_lines": 0, "percent_statements_covered": 100.0, "percent_statements_covered_display": "100", "num_branches": 0, "num_partial_branches": 0, "covered_branches": 0, "missing_branches": 0, "percent_branches_covered": 100.0, "percent_branches_covered_display": "100"}, "missing_lines": [], "excluded_lines": [], "start_line": 62, "executed_branches": [], "missing_branches": []}, "_strip_js_comments._replacer": {"executed_lines": [66, 67, 68, 69, 70, 71], "summary": {"covered_lines": 6, "num_statements": 6, "percent_covered": 100.0, "percent_covered_display": "100", "missing_lines": 0, "excluded_lines": 0, "percent_statements_covered": 100.0, "percent_statements_covered_display": "100", "num_branches": 4, "num_partial_branches": 0, "covered_branches": 4, "missing_branches": 0, "percent_branches_covered": 100.0, "percent_branches_covered_display": "100"}, "missing_lines": [], "excluded_lines": [], "start_line": 65, "executed_branches": [[67, 68], [67, 69], [69, 70], [69, 71]], "missing_branches": []}, "_is_dynamic_config": {"executed_lines": [92], "summary": {"covered_lines": 1, "num_statements": 1, "percent_covered": 100.0, "percent_covered_display": "100", "missing_lines": 0, "excluded_lines": 0, "percent_statements_covered": 100.0, "percent_statements_covered_display": "100", "num_branches": 0, "num_partial_branches": 0, "covered_branches": 0, "missing_branches": 0, "percent_branches_covered": 100.0, "percent_branches_covered_display": "100"}, "missing_lines": [], "excluded_lines": [], "start_line": 90, "executed_branches": [], "missing_branches": []}, "find_docusaurus_config": {"executed_lines": [104, 105, 106, 107, 108], "summary": {"covered_lines": 5, "num_statements": 5, "percent_covered": 100.0, "percent_covered_display": "100", "missing_lines": 0, "excluded_lines": 0, "percent_statements_covered": 100.0, "percent_statements_covered_display": "100", "num_branches": 4, "num_partial_branches": 0, "covered_branches": 4, "missing_branches": 0, "percent_branches_covered": 100.0, "percent_branches_covered_display": "100"}, "missing_lines": [], "excluded_lines": [], "start_line": 98, "executed_branches": [[104, 105], [104, 108], [106, 104], [106, 107]], "missing_branches": []}, "_extract_base_url": {"executed_lines": [140, 141, 142, 143, 145, 147, 148, 154, 156, 157], "summary": {"covered_lines": 10, "num_statements": 10, "percent_covered": 100.0, "percent_covered_display": "100", "missing_lines": 0, "excluded_lines": 1, "percent_statements_covered": 100.0, "percent_statements_covered_display": "100", "num_branches": 2, "num_partial_branches": 0, "covered_branches": 2, "missing_branches": 0, "percent_branches_covered": 100.0, "percent_branches_covered_display": "100"}, "missing_lines": [], "excluded_lines": [122], "start_line": 121, "executed_branches": [[147, 148], [147, 156]], "missing_branches": []}, "_extract_route_base_path": {"executed_lines": [176, 177, 178, 179, 181, 183, 184, 186, 187, 188, 189], "summary": {"covered_lines": 11, "num_statements": 11, "percent_covered": 100.0, "percent_covered_display": "100", "missing_lines": 0, "excluded_lines": 0, "percent_statements_covered": 100.0, "percent_statements_covered_display": "100", "num_branches": 4, "num_partial_branches": 0, "covered_branches": 4, "missing_branches": 0, "percent_branches_covered": 100.0, "percent_branches_covered_display": "100"}, "missing_lines": [], "excluded_lines": [], "start_line": 160, "executed_branches": [[183, 184], [183, 186], [187, 188], [187, 189]], "missing_branches": []}, "_extract_frontmatter_slug": {"executed_lines": [210, 211, 212, 213, 214, 215, 216], "summary": {"covered_lines": 7, "num_statements": 7, "percent_covered": 100.0, "percent_covered_display": "100", "missing_lines": 0, "excluded_lines": 0, "percent_statements_covered": 100.0, "percent_statements_covered_display": "100", "num_branches": 4, "num_partial_branches": 0, "covered_branches": 4, "missing_branches": 0, "percent_branches_covered": 100.0, "percent_branches_covered_display": "100"}, "missing_lines": [], "excluded_lines": [], "start_line": 198, "executed_branches": [[211, 212], [211, 213], [214, 215], [214, 216]], "missing_branches": []}, "DocusaurusAdapter.__init__": {"executed_lines": [259, 260, 261, 265, 269, 270, 275, 276, 279], "summary": {"covered_lines": 9, "num_statements": 9, "percent_covered": 100.0, "percent_covered_display": "100", "missing_lines": 0, "excluded_lines": 1, "percent_statements_covered": 100.0, "percent_statements_covered_display": "100", "num_branches": 0, "num_partial_branches": 0, "covered_branches": 0, "missing_branches": 0, "percent_branches_covered": 100.0, "percent_branches_covered_display": "100"}, "missing_lines": [], "excluded_lines": [266], "start_line": 251, "executed_branches": [], "missing_branches": []}, "DocusaurusAdapter.set_slug_map": {"executed_lines": [290, 291, 292, 293, 296, 297, 298, 299], "summary": {"covered_lines": 8, "num_statements": 10, "percent_covered": 85.71428571428571, "percent_covered_display": "86", "missing_lines": 2, "excluded_lines": 0, "percent_statements_covered": 80.0, "percent_statements_covered_display": "80", "num_branches": 4, "num_partial_branches": 0, "covered_branches": 4, "missing_branches": 0, "percent_branches_covered": 100.0, "percent_branches_covered_display": "100"}, "missing_lines": [294, 295], "excluded_lines": [], "start_line": 281, "executed_branches": [[291, 292], [291, 299], [297, 291], [297, 298]], "missing_branches": []}, "DocusaurusAdapter.is_locale_dir": {"executed_lines": [305], "summary": {"covered_lines": 1, "num_statements": 1, "percent_covered": 100.0, "percent_covered_display": "100", "missing_lines": 0, "excluded_lines": 0, "percent_statements_covered": 100.0, "percent_statements_covered_display": "100", "num_branches": 0, "num_partial_branches": 0, "covered_branches": 0, "missing_branches": 0, "percent_branches_covered": 100.0, "percent_branches_covered_display": "100"}, "missing_lines": [], "excluded_lines": [], "start_line": 303, "executed_branches": [], "missing_branches": []}, "DocusaurusAdapter.resolve_asset": {"executed_lines": [309, 310, 311, 312], "summary": {"covered_lines": 4, "num_statements": 4, "percent_covered": 100.0, "percent_covered_display": "100", "missing_lines": 0, "excluded_lines": 0, "percent_statements_covered": 100.0, "percent_statements_covered_display": "100", "num_branches": 2, "num_partial_branches": 0, "covered_branches": 2, "missing_branches": 0, "percent_branches_covered": 100.0, "percent_branches_covered_display": "100"}, "missing_lines": [], "excluded_lines": [], "start_line": 307, "executed_branches": [[309, 310], [309, 311]], "missing_branches": []}, "DocusaurusAdapter.resolve_anchor": {"executed_lines": [327, 328, 329, 330, 332], "summary": {"covered_lines": 5, "num_statements": 6, "percent_covered": 80.0, "percent_covered_display": "80", "missing_lines": 1, "excluded_lines": 0, "percent_statements_covered": 83.33333333333333, "percent_statements_covered_display": "83", "num_branches": 4, "num_partial_branches": 1, "covered_branches": 3, "missing_branches": 1, "percent_branches_covered": 75.0, "percent_branches_covered_display": "75"}, "missing_lines": [331], "excluded_lines": [], "start_line": 314, "executed_branches": [[327, 328], [327, 329], [330, 332]], "missing_branches": [[330, 331]]}, "DocusaurusAdapter.is_shadow_of_nav_page": {"executed_lines": [340, 343, 344, 345], "summary": {"covered_lines": 4, "num_statements": 4, "percent_covered": 100.0, "percent_covered_display": "100", "missing_lines": 0, "excluded_lines": 0, "percent_statements_covered": 100.0, "percent_statements_covered_display": "100", "num_branches": 2, "num_partial_branches": 0, "covered_branches": 2, "missing_branches": 0, "percent_branches_covered": 100.0, "percent_branches_covered_display": "100"}, "missing_lines": [], "excluded_lines": [], "start_line": 334, "executed_branches": [[343, 344], [343, 345]], "missing_branches": []}, "DocusaurusAdapter.get_ignored_patterns": {"executed_lines": [], "summary": {"covered_lines": 0, "num_statements": 1, "percent_covered": 0.0, "percent_covered_display": "0", "missing_lines": 1, "excluded_lines": 0, "percent_statements_covered": 0.0, "percent_statements_covered_display": "0", "num_branches": 0, "num_partial_branches": 0, "covered_branches": 0, "missing_branches": 0, "percent_branches_covered": 100.0, "percent_branches_covered_display": "100"}, "missing_lines": [353], "excluded_lines": [], "start_line": 347, "executed_branches": [], "missing_branches": []}, "DocusaurusAdapter.get_nav_paths": {"executed_lines": [363], "summary": {"covered_lines": 1, "num_statements": 1, "percent_covered": 100.0, "percent_covered_display": "100", "missing_lines": 0, "excluded_lines": 0, "percent_statements_covered": 100.0, "percent_statements_covered_display": "100", "num_branches": 0, "num_partial_branches": 0, "covered_branches": 0, "missing_branches": 0, "percent_branches_covered": 100.0, "percent_branches_covered_display": "100"}, "missing_lines": [], "excluded_lines": [], "start_line": 355, "executed_branches": [], "missing_branches": []}, "DocusaurusAdapter.has_engine_config": {"executed_lines": [], "summary": {"covered_lines": 0, "num_statements": 1, "percent_covered": 0.0, "percent_covered_display": "0", "missing_lines": 1, "excluded_lines": 0, "percent_statements_covered": 0.0, "percent_statements_covered_display": "0", "num_branches": 0, "num_partial_branches": 0, "covered_branches": 0, "missing_branches": 0, "percent_branches_covered": 100.0, "percent_branches_covered_display": "100"}, "missing_lines": [367], "excluded_lines": [], "start_line": 365, "executed_branches": [], "missing_branches": []}, "DocusaurusAdapter.map_url": {"executed_lines": [408, 411, 412, 413, 415, 416, 418, 419, 420, 421, 425, 426, 430, 432, 433, 434, 436, 437, 443, 444, 446, 447, 448, 450, 451, 453, 455, 458, 460, 461, 464, 467, 468], "summary": {"covered_lines": 33, "num_statements": 41, "percent_covered": 75.3623188405797, "percent_covered_display": "75", "missing_lines": 8, "excluded_lines": 0, "percent_statements_covered": 80.48780487804878, "percent_statements_covered_display": "80", "num_branches": 28, "num_partial_branches": 7, "covered_branches": 19, "missing_branches": 9, "percent_branches_covered": 67.85714285714286, "percent_branches_covered_display": "68"}, "missing_lines": [428, 438, 439, 440, 456, 462, 465, 469], "excluded_lines": [], "start_line": 371, "executed_branches": [[412, 413], [412, 425], [413, 415], [413, 418], [419, 420], [419, 421], [426, 430], [433, 434], [433, 436], [437, 443], [443, 444], [443, 446], [447, 448], [447, 450], [451, 453], [455, 458], [461, 464], [464, 467], [467, 468]], "missing_branches": [[426, 428], [437, 438], [439, 440], [439, 443], [451, 455], [455, 456], [461, 462], [464, 465], [467, 469]]}, "DocusaurusAdapter.classify_route": {"executed_lines": [497, 498, 499, 505, 509, 510, 513, 514, 518, 522, 523, 524, 525, 528], "summary": {"covered_lines": 14, "num_statements": 17, "percent_covered": 77.41935483870968, "percent_covered_display": "77", "missing_lines": 3, "excluded_lines": 1, "percent_statements_covered": 82.3529411764706, "percent_statements_covered_display": "82", "num_branches": 14, "num_partial_branches": 4, "covered_branches": 10, "missing_branches": 4, "percent_branches_covered": 71.42857142857143, "percent_branches_covered_display": "71"}, "missing_lines": [506, 515, 519], "excluded_lines": [504], "start_line": 471, "executed_branches": [[498, 499], [498, 505], [505, 509], [509, 510], [509, 513], [514, 518], [518, 522], [522, 523], [522, 528], [524, 525]], "missing_branches": [[505, 506], [514, 515], [518, 519], [524, 528]]}, "DocusaurusAdapter.get_route_info": {"executed_lines": [543, 545, 546, 548, 549, 550, 553, 554, 555, 556, 557, 560, 561, 564], "summary": {"covered_lines": 14, "num_statements": 15, "percent_covered": 85.71428571428571, "percent_covered_display": "86", "missing_lines": 1, "excluded_lines": 1, "percent_statements_covered": 93.33333333333333, "percent_statements_covered_display": "93", "num_branches": 6, "num_partial_branches": 2, "covered_branches": 4, "missing_branches": 2, "percent_branches_covered": 66.66666666666667, "percent_branches_covered_display": "67"}, "missing_lines": [562], "excluded_lines": [559], "start_line": 530, "executed_branches": [[554, 555], [554, 560], [556, 557], [561, 564]], "missing_branches": [[556, 560], [561, 562]]}, "DocusaurusAdapter.from_repo": {"executed_lines": [598, 599, 601, 602, 604, 606, 608, 609, 610, 618, 619], "summary": {"covered_lines": 11, "num_statements": 18, "percent_covered": 57.69230769230769, "percent_covered_display": "58", "missing_lines": 7, "excluded_lines": 0, "percent_statements_covered": 61.111111111111114, "percent_statements_covered_display": "61", "num_branches": 8, "num_partial_branches": 2, "covered_branches": 4, "missing_branches": 4, "percent_branches_covered": 50.0, "percent_branches_covered_display": "50"}, "missing_lines": [600, 611, 612, 613, 614, 615, 616], "excluded_lines": [], "start_line": 576, "executed_branches": [[599, 601], [601, 602], [601, 604], [610, 618]], "missing_branches": [[599, 600], [610, 611], [613, 614], [613, 618]]}, "DocusaurusAdapter.get_locale_source_roots": {"executed_lines": [], "summary": {"covered_lines": 0, "num_statements": 14, "percent_covered": 0.0, "percent_covered_display": "0", "missing_lines": 14, "excluded_lines": 0, "percent_statements_covered": 0.0, "percent_statements_covered_display": "0", "num_branches": 12, "num_partial_branches": 0, "covered_branches": 0, "missing_branches": 12, "percent_branches_covered": 0.0, "percent_branches_covered_display": "0"}, "missing_lines": [640, 641, 642, 643, 644, 646, 648, 649, 650, 653, 654, 661, 662, 664], "excluded_lines": [], "start_line": 621, "executed_branches": [], "missing_branches": [[641, 642], [641, 646], [643, 641], [643, 644], [646, 648], [646, 664], [649, 650], [649, 653], [653, 646], [653, 654], [661, 653], [661, 662]]}, "": {"executed_lines": [32, 34, 35, 36, 37, 39, 40, 47, 53, 62, 80, 90, 98, 116, 118, 121, 160, 194, 195, 198, 222, 251, 281, 303, 307, 314, 334, 347, 355, 365, 371, 471, 530, 575, 576, 621], "summary": {"covered_lines": 36, "num_statements": 36, "percent_covered": 100.0, "percent_covered_display": "100", "missing_lines": 0, "excluded_lines": 3, "percent_statements_covered": 100.0, "percent_statements_covered_display": "100", "num_branches": 0, "num_partial_branches": 0, "covered_branches": 0, "missing_branches": 0, "percent_branches_covered": 100.0, "percent_branches_covered_display": "100"}, "missing_lines": [], "excluded_lines": [43, 44, 45], "start_line": 1, "executed_branches": [], "missing_branches": []}}, "classes": {"DocusaurusAdapter": {"executed_lines": [259, 260, 261, 265, 269, 270, 275, 276, 279, 290, 291, 292, 293, 296, 297, 298, 299, 305, 309, 310, 311, 312, 327, 328, 329, 330, 332, 340, 343, 344, 345, 363, 408, 411, 412, 413, 415, 416, 418, 419, 420, 421, 425, 426, 430, 432, 433, 434, 436, 437, 443, 444, 446, 447, 448, 450, 451, 453, 455, 458, 460, 461, 464, 467, 468, 497, 498, 499, 505, 509, 510, 513, 514, 518, 522, 523, 524, 525, 528, 543, 545, 546, 548, 549, 550, 553, 554, 555, 556, 557, 560, 561, 564, 598, 599, 601, 602, 604, 606, 608, 609, 610, 618, 619], "summary": {"covered_lines": 104, "num_statements": 142, "percent_covered": 68.46846846846847, "percent_covered_display": "68", "missing_lines": 38, "excluded_lines": 3, "percent_statements_covered": 73.2394366197183, "percent_statements_covered_display": "73", "num_branches": 80, "num_partial_branches": 16, "covered_branches": 48, "missing_branches": 32, "percent_branches_covered": 60.0, "percent_branches_covered_display": "60"}, "missing_lines": [294, 295, 331, 353, 367, 428, 438, 439, 440, 456, 462, 465, 469, 506, 515, 519, 562, 600, 611, 612, 613, 614, 615, 616, 640, 641, 642, 643, 644, 646, 648, 649, 650, 653, 654, 661, 662, 664], "excluded_lines": [266, 504, 559], "start_line": 222, "executed_branches": [[291, 292], [291, 299], [297, 291], [297, 298], [309, 310], [309, 311], [327, 328], [327, 329], [330, 332], [343, 344], [343, 345], [412, 413], [412, 425], [413, 415], [413, 418], [419, 420], [419, 421], [426, 430], [433, 434], [433, 436], [437, 443], [443, 444], [443, 446], [447, 448], [447, 450], [451, 453], [455, 458], [461, 464], [464, 467], [467, 468], [498, 499], [498, 505], [505, 509], [509, 510], [509, 513], [514, 518], [518, 522], [522, 523], [522, 528], [524, 525], [554, 555], [554, 560], [556, 557], [561, 564], [599, 601], [601, 602], [601, 604], [610, 618]], "missing_branches": [[330, 331], [426, 428], [437, 438], [439, 440], [439, 443], [451, 455], [455, 456], [461, 462], [464, 465], [467, 469], [505, 506], [514, 515], [518, 519], [524, 528], [556, 560], [561, 562], [599, 600], [610, 611], [613, 614], [613, 618], [641, 642], [641, 646], [643, 641], [643, 644], [646, 648], [646, 664], [649, 650], [649, 653], [653, 646], [653, 654], [661, 653], [661, 662]]}, "": {"executed_lines": [32, 34, 35, 36, 37, 39, 40, 47, 53, 62, 65, 66, 67, 68, 69, 70, 71, 73, 80, 90, 92, 98, 104, 105, 106, 107, 108, 116, 118, 121, 140, 141, 142, 143, 145, 147, 148, 154, 156, 157, 160, 176, 177, 178, 179, 181, 183, 184, 186, 187, 188, 189, 194, 195, 198, 210, 211, 212, 213, 214, 215, 216, 222, 251, 281, 303, 307, 314, 334, 347, 355, 365, 371, 471, 530, 575, 576, 621], "summary": {"covered_lines": 78, "num_statements": 78, "percent_covered": 100.0, "percent_covered_display": "100", "missing_lines": 0, "excluded_lines": 4, "percent_statements_covered": 100.0, "percent_statements_covered_display": "100", "num_branches": 18, "num_partial_branches": 0, "covered_branches": 18, "missing_branches": 0, "percent_branches_covered": 100.0, "percent_branches_covered_display": "100"}, "missing_lines": [], "excluded_lines": [43, 44, 45, 122], "start_line": 1, "executed_branches": [[67, 68], [67, 69], [69, 70], [69, 71], [104, 105], [104, 108], [106, 104], [106, 107], [147, 148], [147, 156], [183, 184], [183, 186], [187, 188], [187, 189], [211, 212], [211, 213], [214, 215], [214, 216]], "missing_branches": []}}}, "src/zenzic/core/adapters/_factory.py": {"executed_lines": [33, 35, 36, 37, 38, 40, 42, 43, 44, 45, 51, 59, 66, 67, 68, 69, 70, 73, 86, 87, 90, 100, 138, 140, 141, 143, 145, 146, 147, 149, 155, 156, 158, 159, 160, 163, 168, 169, 171, 175, 177, 178, 179], "summary": {"covered_lines": 43, "num_statements": 49, "percent_covered": 86.95652173913044, "percent_covered_display": "87", "missing_lines": 6, "excluded_lines": 0, "percent_statements_covered": 87.75510204081633, "percent_statements_covered_display": "88", "num_branches": 20, "num_partial_branches": 3, "covered_branches": 17, "missing_branches": 3, "percent_branches_covered": 85.0, "percent_branches_covered_display": "85"}, "missing_lines": [75, 76, 96, 97, 151, 164], "excluded_lines": [], "executed_branches": [[67, 68], [67, 70], [68, 67], [68, 69], [140, 141], [140, 143], [145, 146], [145, 147], [147, 149], [155, 156], [155, 158], [159, 160], [159, 163], [163, 168], [168, 169], [168, 175], [177, 178]], "missing_branches": [[147, 151], [163, 164], [177, 179]], "functions": {"_load_adapter_class
[...]
": [], "start_line": 96, "executed_branches": [], "missing_branches": []}, "ReferenceMap.__getitem__": {"executed_lines": [104, 105], "summary": {"covered_lines": 2, "num_statements": 2, "percent_covered": 100.0, "percent_covered_display": "100", "missing_lines": 0, "excluded_lines": 0, "percent_statements_covered": 100.0, "percent_statements_covered_display": "100", "num_branches": 0, "num_partial_branches": 0, "covered_branches": 0, "missing_branches": 0, "percent_branches_covered": 100.0, "percent_branches_covered_display": "100"}, "missing_lines": [], "excluded_lines": [], "start_line": 102, "executed_branches": [], "missing_branches": []}, "ReferenceMap.__contains__": {"executed_lines": [109, 111], "summary": {"covered_lines": 2, "num_statements": 3, "percent_covered": 60.0, "percent_covered_display": "60", "missing_lines": 1, "excluded_lines": 0, "percent_statements_covered": 66.66666666666667, "percent_statements_covered_display": "67", "num_branches": 2, "num_partial_branches": 1, "covered_branches": 1, "missing_branches": 1, "percent_branches_covered": 50.0, "percent_branches_covered_display": "50"}, "missing_lines": [110], "excluded_lines": [], "start_line": 107, "executed_branches": [[109, 111]], "missing_branches": [[109, 110]]}, "ReferenceMap.orphan_definitions": {"executed_lines": [116], "summary": {"covered_lines": 1, "num_statements": 1, "percent_covered": 100.0, "percent_covered_display": "100", "missing_lines": 0, "excluded_lines": 0, "percent_statements_covered": 100.0, "percent_statements_covered_display": "100", "num_branches": 0, "num_partial_branches": 0, "covered_branches": 0, "missing_branches": 0, "percent_branches_covered": 100.0, "percent_branches_covered_display": "100"}, "missing_lines": [], "excluded_lines": [], "start_line": 114, "executed_branches": [], "missing_branches": []}, "ReferenceMap.integrity_score": {"executed_lines": [126, 127, 128], "summary": {"covered_lines": 3, "num_statements": 3, "percent_covered": 100.0, "percent_covered_display": "100", "missing_lines": 0, "excluded_lines": 0, "percent_statements_covered": 100.0, "percent_statements_covered_display": "100", "num_branches": 2, "num_partial_branches": 0, "covered_branches": 2, "missing_branches": 0, "percent_branches_covered": 100.0, "percent_branches_covered_display": "100"}, "missing_lines": [], "excluded_lines": [], "start_line": 119, "executed_branches": [[126, 127], [126, 128]], "missing_branches": []}, "IntegrityReport.is_secure": {"executed_lines": [184], "summary": {"covered_lines": 1, "num_statements": 1, "percent_covered": 100.0, "percent_covered_display": "100", "missing_lines": 0, "excluded_lines": 0, "percent_statements_covered": 100.0, "percent_statements_covered_display": "100", "num_branches": 0, "num_partial_branches": 0, "covered_branches": 0, "missing_branches": 0, "percent_branches_covered": 100.0, "percent_branches_covered_display": "100"}, "missing_lines": [], "excluded_lines": [], "start_line": 182, "executed_branches": [], "missing_branches": []}, "IntegrityReport.has_errors": {"executed_lines": [189, 190, 191], "summary": {"covered_lines": 3, "num_statements": 3, "percent_covered": 100.0, "percent_covered_display": "100", "missing_lines": 0, "excluded_lines": 0, "percent_statements_covered": 100.0, "percent_statements_covered_display": "100", "num_branches": 0, "num_partial_branches": 0, "covered_branches": 0, "missing_branches": 0, "percent_branches_covered": 100.0, "percent_branches_covered_display": "100"}, "missing_lines": [], "excluded_lines": [], "start_line": 187, "executed_branches": [], "missing_branches": []}, "": {"executed_lines": [20, 22, 23, 24, 35, 36, 58, 59, 60, 62, 81, 96, 102, 107, 113, 114, 118, 119, 134, 135, 151, 152, 153, 154, 155, 161, 162, 175, 176, 177, 178, 179, 181, 182, 186, 187], "summary": {"covered_lines": 36, "num_statements": 36, "percent_covered": 100.0, "percent_covered_display": "100", "missing_lines": 0, "excluded_lines": 3, "percent_statements_covered": 100.0, "percent_statements_covered_display": "100", "num_branches": 0, "num_partial_branches": 0, "covered_branches": 0, "missing_branches": 0, "percent_branches_covered": 100.0, "percent_branches_covered_display": "100"}, "missing_lines": [], "excluded_lines": [27, 28, 29], "start_line": 1, "executed_branches": [], "missing_branches": []}}, "classes": {"ReferenceMap": {"executed_lines": [74, 75, 76, 77, 78, 79, 90, 91, 92, 93, 94, 98, 99, 100, 104, 105, 109, 111, 116, 126, 127, 128], "summary": {"covered_lines": 22, "num_statements": 23, "percent_covered": 93.54838709677419, "percent_covered_display": "94", "missing_lines": 1, "excluded_lines": 0, "percent_statements_covered": 95.65217391304348, "percent_statements_covered_display": "96", "num_branches": 8, "num_partial_branches": 1, "covered_branches": 7, "missing_branches": 1, "percent_branches_covered": 87.5, "percent_branches_covered_display": "88"}, "missing_lines": [110], "excluded_lines": [], "start_line": 36, "executed_branches": [[75, 76], [75, 78], [91, 92], [91, 94], [109, 111], [126, 127], [126, 128]], "missing_branches": [[109, 110]]}, "ReferenceFinding": {"executed_lines": [], "summary": {"covered_lines": 0, "num_statements": 0, "percent_covered": 100.0, "percent_covered_display": "100", "missing_lines": 0, "excluded_lines": 0, "percent_statements_covered": 100.0, "percent_statements_covered_display": "100", "num_branches": 0, "num_partial_branches": 0, "covered_branches": 0, "missing_branches": 0, "percent_branches_covered": 100.0, "percent_branches_covered_display": "100"}, "missing_lines": [], "excluded_lines": [], "start_line": 135, "executed_branches": [], "missing_branches": []}, "IntegrityReport": {"executed_lines": [184, 189, 190, 191], "summary": {"covered_lines": 4, "num_statements": 4, "percent_covered": 100.0, "percent_covered_display": "100", "missing_lines": 0, "excluded_lines": 0, "percent_statements_covered": 100.0, "percent_statements_covered_display": "100", "num_branches": 0, "num_partial_branches": 0, "covered_branches": 0, "missing_branches": 0, "percent_branches_covered": 100.0, "percent_branches_covered_display": "100"}, "missing_lines": [], "excluded_lines": [], "start_line": 162, "executed_branches": [], "missing_branches": []}, "": {"executed_lines": [20, 22, 23, 24, 35, 36, 58, 59, 60, 62, 81, 96, 102, 107, 113, 114, 118, 119, 134, 135, 151, 152, 153, 154, 155, 161, 162, 175, 176, 177, 178, 179, 181, 182, 186, 187], "summary": {"covered_lines": 36, "num_statements": 36, "percent_covered": 100.0, "percent_covered_display": "100", "missing_lines": 0, "excluded_lines": 3, "percent_statements_covered": 100.0, "percent_statements_covered_display": "100", "num_branches": 0, "num_partial_branches": 0, "covered_branches": 0, "missing_branches": 0, "percent_branches_covered": 100.0, "percent_branches_covered_display": "100"}, "missing_lines": [], "excluded_lines": [27, 28, 29], "start_line": 1, "executed_branches": [], "missing_branches": []}}}, "src/zenzic/models/vsm.py": {"executed_lines": [16, 18, 19, 20, 25, 31, 32, 64, 65, 66, 67, 68, 72, 73, 75, 77, 78, 80, 88, 94, 106, 107, 108, 109, 110, 112, 118, 161, 164, 169, 170, 173, 174, 175, 176, 178, 179, 180, 181, 186, 192, 194, 196], "summary": {"covered_lines": 43, "num_statements": 46, "percent_covered": 91.07142857142857, "percent_covered_display": "91", "missing_lines": 3, "excluded_lines": 0, "percent_statements_covered": 93.47826086956522, "percent_statements_covered_display": "93", "num_branches": 10, "num_partial_branches": 2, "covered_branches": 8, "missing_branches": 2, "percent_branches_covered": 80.0, "percent_branches_covered_display": "80"}, "missing_lines": [171, 183, 184], "excluded_lines": [], "executed_branches": [[107, -94], [107, 108], [108, 109], [108, 112], [170, 173], [174, 175], [174, 194], [178, 179]], "missing_branches": [[170, 171], [178, 183]], "functions": {"Route.is_reachable": {"executed_lines": [75], "summary": {"covered_lines": 1, "num_statements": 1, "percent_covered": 100.0, "percent_covered_display": "100", "missing_lines": 0, "excluded_lines": 0, "percent_statements_covered": 100.0, "percent_statements_covered_display": "100", "num_branches": 0, "num_partial_branches": 0, "covered_branches": 0, "missing_branches": 0, "percent_branches_covered": 100.0, "percent_branches_covered_display": "100"}, "missing_lines": [], "excluded_lines": [], "start_line": 73, "executed_branches": [], "missing_branches": []}, "Route.is_conflict": {"executed_lines": [80], "summary": {"covered_lines": 1, "num_statements": 1, "percent_covered": 100.0, "percent_covered_display": "100", "missing_lines": 0, "excluded_lines": 0, "percent_statements_covered": 100.0, "percent_statements_covered_display": "100", "num_branches": 0, "num_partial_branches": 0, "covered_branches": 0, "missing_branches": 0, "percent_branches_covered": 100.0, "percent_branches_covered_display": "100"}, "missing_lines": [], "excluded_lines": [], "start_line": 78, "executed_branches": [], "missing_branches": []}, "_detect_collisions": {"executed_lines": [106, 107, 108, 109, 110, 112], "summary": {"covered_lines": 6, "num_statements": 6, "percent_covered": 100.0, "percent_covered_display": "100", "missing_lines": 0, "excluded_lines": 0, "percent_statements_covered": 100.0, "percent_statements_covered_display": "100", "num_branches": 4, "num_partial_branches": 0, "covered_branches": 4, "missing_branches": 0, "percent_branches_covered": 100.0, "percent_branches_covered_display": "100"}, "missing_lines": [], "excluded_lines": [], "start_line": 94, "executed_branches": [[107, -94], [107, 108], [108, 109], [108, 112]], "missing_branches": []}, "build_vsm": {"executed_lines": [161, 164, 169, 170, 173, 174, 175, 176, 178, 179, 180, 181, 186, 192, 194, 196], "summary": {"covered_lines": 16, "num_statements": 19, "percent_covered": 80.0, "percent_covered_display": "80", "missing_lines": 3, "excluded_lines": 0, "percent_statements_covered": 84.21052631578948, "percent_statements_covered_display": "84", "num_branches": 6, "num_partial_branches": 2, "covered_branches": 4, "missing_branches": 2, "percent_branches_covered": 66.66666666666667, "percent_branches_covered_display": "67"}, "missing_lines": [171, 183, 184], "excluded_lines": [], "start_line": 118, "executed_branches": [[170, 173], [174, 175], [174, 194], [178, 179]], "missing_branches": [[170, 171], [178, 183]]}, "": {"executed_lines": [16, 18, 19, 20, 25, 31, 32, 64, 65, 66, 67, 68, 72, 73, 77, 78, 88, 94, 118], "summary": {"covered_lines": 19, "num_statements": 19, "percent_covered": 100.0, "percent_covered_display": "100", "missing_lines": 0, "excluded_lines": 0, "percent_statements_covered": 100.0, "percent_statements_covered_display": "100", "num_branches": 0, "num_partial_branches": 0, "covered_branches": 0, "missing_branches": 0, "percent_branches_covered": 100.0, "percent_branches_covered_display": "100"}, "missing_lines": [], "excluded_lines": [], "start_line": 1, "executed_branches": [], "missing_branches": []}}, "classes": {"Route": {"executed_lines": [75, 80], "summary": {"covered_lines": 2, "num_statements": 2, "percent_covered": 100.0, "percent_covered_display": "100", "missing_lines": 0, "excluded_lines": 0, "percent_statements_covered": 100.0, "percent_statements_covered_display": "100", "num_branches": 0, "num_partial_branches": 0, "covered_branches": 0, "missing_branches": 0, "percent_branches_covered": 100.0, "percent_branches_covered_display": "100"}, "missing_lines": [], "excluded_lines": [], "start_line": 32, "executed_branches": [], "missing_branches": []}, "": {"executed_lines": [16, 18, 19, 20, 25, 31, 32, 64, 65, 66, 67, 68, 72, 73, 77, 78, 88, 94, 106, 107, 108, 109, 110, 112, 118, 161, 164, 169, 170, 173, 174, 175, 176, 178, 179, 180, 181, 186, 192, 194, 196], "summary": {"covered_lines": 41, "num_statements": 44, "percent_covered": 90.74074074074075, "percent_covered_display": "91", "missing_lines": 3, "excluded_lines": 0, "percent_statements_covered": 93.18181818181819, "percent_statements_covered_display": "93", "num_branches": 10, "num_partial_branches": 2, "covered_branches": 8, "missing_branches": 2, "percent_branches_covered": 80.0, "percent_branches_covered_display": "80"}, "missing_lines": [171, 183, 184], "excluded_lines": [], "start_line": 1, "executed_branches": [[107, -94], [107, 108], [108, 109], [108, 112], [170, 173], [174, 175], [174, 194], [178, 179]], "missing_branches": [[170, 171], [178, 183]]}}}, "src/zenzic/rules.py": {"executed_lines": [16, 18, 20, 30, 41, 66, 67], "summary": {"covered_lines": 7, "num_statements": 7, "percent_covered": 100.0, "percent_covered_display": "100", "missing_lines": 0, "excluded_lines": 0, "percent_statements_covered": 100.0, "percent_statements_covered_display": "100", "num_branches": 0, "num_partial_branches": 0, "covered_branches": 0, "missing_branches": 0, "percent_branches_covered": 100.0, "percent_branches_covered_display": "100"}, "missing_lines": [], "excluded_lines": [], "executed_branches": [], "missing_branches": [], "functions": {"run_rule": {"executed_lines": [66, 67], "summary": {"covered_lines": 2, "num_statements": 2, "percent_covered": 100.0, "percent_covered_display": "100", "missing_lines": 0, "excluded_lines": 0, "percent_statements_covered": 100.0, "percent_statements_covered_display": "100", "num_branches": 0, "num_partial_branches": 0, "covered_branches": 0, "missing_branches": 0, "percent_branches_covered": 100.0, "percent_branches_covered_display": "100"}, "missing_lines": [], "excluded_lines": [], "start_line": 41, "executed_branches": [], "missing_branches": []}, "": {"executed_lines": [16, 18, 20, 30, 41], "summary": {"covered_lines": 5, "num_statements": 5, "percent_covered": 100.0, "percent_covered_display": "100", "missing_lines": 0, "excluded_lines": 0, "percent_statements_covered": 100.0, "percent_statements_covered_display": "100", "num_branches": 0, "num_partial_branches": 0, "covered_branches": 0, "missing_branches": 0, "percent_branches_covered": 100.0, "percent_branches_covered_display": "100"}, "missing_lines": [], "excluded_lines": [], "start_line": 1, "executed_branches": [], "missing_branches": []}}, "classes": {"": {"executed_lines": [16, 18, 20, 30, 41, 66, 67], "summary": {"covered_lines": 7, "num_statements": 7, "percent_covered": 100.0, "percent_covered_display": "100", "missing_lines": 0, "excluded_lines": 0, "percent_statements_covered": 100.0, "percent_statements_covered_display": "100", "num_branches": 0, "num_partial_branches": 0, "covered_branches": 0, "missing_branches": 0, "percent_branches_covered": 100.0, "percent_branches_covered_display": "100"}, "missing_lines": [], "excluded_lines": [], "start_line": 1, "executed_branches": [], "missing_branches": []}}}, "src/zenzic/ui.py": {"executed_lines": [11, 13, 14, 19, 20, 21, 22, 23, 24, 27, 28, 29, 30, 31, 36, 48, 49, 50, 51, 52, 54, 55, 57, 60, 64, 77, 79, 80, 82, 88, 102], "summary": {"covered_lines": 31, "num_statements": 48, "percent_covered": 57.142857142857146, "percent_covered_display": "57", "missing_lines": 17, "excluded_lines": 0, "percent_statements_covered": 64.58333333333333, "percent_statements_covered_display": "65", "num_branches": 8, "num_partial_branches": 1, "covered_branches": 1, "missing_branches": 7, "percent_branches_covered": 12.5, "percent_branches_covered_display": "12"}, "missing_lines": [81, 94, 95, 99, 124, 125, 126, 127, 128, 129, 130, 131, 132, 133, 134, 135, 136], "excluded_lines": [], "executed_branches": [[80, 82]], "missing_branches": [[80, 81], [128, 129], [128, 130], [130, 131], [130, 133], [133, 134], [133, 135]], "functions": {"_detect_capabilities": {"executed_lines": [48, 49, 50, 51, 52, 54, 55, 57], "summary": {"covered_lines": 8, "num_statements": 8, "percent_covered": 100.0, "percent_covered_display": "100", "missing_lines": 0, "excluded_lines": 0, "percent_statements_covered": 100.0, "percent_statements_covered_display": "100", "num_branches": 0, "num_partial_branches": 0, "covered_branches": 0, "missing_branches": 0, "percent_branches_covered": 100.0, "percent_branches_covered_display": "100"}, "missing_lines": [], "excluded_lines": [], "start_line": 36, "executed_branches": [], "missing_branches": []}, "emoji": {"executed_lines": [79, 80, 82], "summary": {"covered_lines": 3, "num_statements": 4, "percent_covered": 66.66666666666667, "percent_covered_display": "67", "missing_lines": 1, "excluded_lines": 0, "percent_statements_covered": 75.0, "percent_statements_covered_display": "75", "num_branches": 2, "num_partial_branches": 1, "covered_branches": 1, "missing_branches": 1, "percent_branches_covered": 50.0, "percent_branches_covered_display": "50"}, "missing_lines": [81], "excluded_lines": [], "start_line": 77, "executed_branches": [[80, 82]], "missing_branches": [[80, 81]]}, "make_banner": {"executed_lines": [], "summary": {"covered_lines": 0, "num_statements": 3, "percent_covered": 0.0, "percent_covered_display": "0", "missing_lines": 3, "excluded_lines": 0, "percent_statements_covered": 0.0, "percent_statements_covered_display": "0", "num_branches": 0, "num_partial_branches": 0, "covered_branches": 0, "missing_branches": 0, "percent_branches_covered": 100.0, "percent_branches_covered_display": "100"}, "missing_lines": [94, 95, 99], "excluded_lines": [], "start_line": 88, "executed_branches": [], "missing_branches": []}, "make_sentinel_header": {"executed_lines": [], "summary": {"covered_lines": 0, "num_statements": 13, "percent_covered": 0.0, "percent_covered_display": "0", "missing_lines": 13, "excluded_lines": 0, "percent_statements_covered": 0.0, "percent_statements_covered_display": "0", "num_branches": 6, "num_partial_branches": 0, "covered_branches": 0, "missing_branches": 6, "percent_branches_covered": 0.0, "percent_branches_covered_display": "0"}, "missing_lines": [124, 125, 126, 127, 128, 129, 130, 131, 132, 133, 134, 135, 136], "excluded_lines": [], "start_line": 102, "executed_branches": [], "missing_branches": [[128, 129], [128, 130], [130, 131], [130, 133], [133, 134], [133, 135]]}, "": {"executed_lines": [11, 13, 14, 19, 20, 21, 22, 23, 24, 27, 28, 29, 30, 31, 36, 60, 64, 77, 88, 102], "summary": {"covered_lines": 20, "num_statements": 20, "percent_covered": 100.0, "percent_covered_display": "100", "missing_lines": 0, "excluded_lines": 0, "percent_statements_covered": 100.0, "percent_statements_covered_display": "100", "num_branches": 0, "num_partial_branches": 0, "covered_branches": 0, "missing_branches": 0, "percent_branches_covered": 100.0, "percent_branches_covered_display": "100"}, "missing_lines": [], "excluded_lines": [], "start_line": 1, "executed_branches": [], "missing_branches": []}}, "classes": {"": {"executed_lines": [11, 13, 14, 19, 20, 21, 22, 23, 24, 27, 28, 29, 30, 31, 36, 48, 49, 50, 51, 52, 54, 55, 57, 60, 64, 77, 79, 80, 82, 88, 102], "summary": {"covered_lines": 31, "num_statements": 48, "percent_covered": 57.142857142857146, "percent_covered_display": "57", "missing_lines": 17, "excluded_lines": 0, "percent_statements_covered": 64.58333333333333, "percent_statements_covered_display": "65", "num_branches": 8, "num_partial_branches": 1, "covered_branches": 1, "missing_branches": 7, "percent_branches_covered": 12.5, "percent_branches_covered_display": "12"}, "missing_lines": [81, 94, 95, 99, 124, 125, 126, 127, 128, 129, 130, 131, 132, 133, 134, 135, 136], "excluded_lines": [], "start_line": 1, "executed_branches": [[80, 82]], "missing_branches": [[80, 81], [128, 129], [128, 130], [130, 131], [130, 133], [133, 134], [133, 135]]}}}}, "totals": {"covered_lines": 3233, "num_statements": 3762, "percent_covered": 83.82692307692308, "percent_covered_display": "84", "missing_lines": 529, "excluded_lines": 69, "percent_statements_covered": 85.93833067517278, "percent_statements_covered_display": "86", "num_branches": 1438, "num_partial_branches": 170, "covered_branches": 1126, "missing_branches": 312, "percent_branches_covered": 78.30319888734353, "percent_branches_covered_display": "78"}}
